/home/groups/gbrice/ptb-drugscreen/ot/cellot/cells_combined/peter_ot/lib/python3.9/site-packages/anndata/_core/anndata.py:1754: UserWarning: Observation names are not unique. To make them unique, call `.obs_names_make_unique`.
  utils.warn_names_duplicates("obs")
/home/groups/gbrice/ptb-drugscreen/ot/cellot/cells_combined/peter_ot/lib/python3.9/site-packages/anndata/_core/anndata.py:1754: UserWarning: Observation names are not unique. To make them unique, call `.obs_names_make_unique`.
  utils.warn_names_duplicates("obs")
/home/groups/gbrice/ptb-drugscreen/ot/cellot/cells_combined/peter_ot/lib/python3.9/site-packages/anndata/_core/anndata.py:1754: UserWarning: Observation names are not unique. To make them unique, call `.obs_names_make_unique`.
  utils.warn_names_duplicates("obs")
Traceback (most recent call last):
  File "/home/groups/gbrice/ptb-drugscreen/ot/cellot/create_plots/plot_pred_vs_true.py", line 193, in <module>
    plot_result(data_path, outdir_path,stim,model,cell_type,patient)
  File "/home/groups/gbrice/ptb-drugscreen/ot/cellot/create_plots/plot_pred_vs_true.py", line 154, in plot_result
    prediction=predict_per_patient(result_path, data_path, stim, model, cell_type, patient)
  File "/home/groups/gbrice/ptb-drugscreen/ot/cellot/create_plots/plot_pred_vs_true.py", line 69, in predict_per_patient
    g.load_state_dict(ckpt["g_state"])
  File "/home/groups/gbrice/ptb-drugscreen/ot/cellot/cells_combined/peter_ot/lib/python3.9/site-packages/torch/nn/modules/module.py", line 1497, in load_state_dict
    raise RuntimeError('Error(s) in loading state_dict for {}:\n\t{}'.format(
RuntimeError: Error(s) in loading state_dict for ICNN:
	size mismatch for A.0.weight: copying a param with shape torch.Size([64, 20]) from checkpoint, the shape in current model is torch.Size([64, 13]).
	size mismatch for A.1.weight: copying a param with shape torch.Size([64, 20]) from checkpoint, the shape in current model is torch.Size([64, 13]).
	size mismatch for A.2.weight: copying a param with shape torch.Size([64, 20]) from checkpoint, the shape in current model is torch.Size([64, 13]).
	size mismatch for A.3.weight: copying a param with shape torch.Size([64, 20]) from checkpoint, the shape in current model is torch.Size([64, 13]).
	size mismatch for A.4.weight: copying a param with shape torch.Size([1, 20]) from checkpoint, the shape in current model is torch.Size([1, 13]).
