loaded
saved under /home/groups/gbrice/ptb-drugscreen/ot/cellot/results/cross_validation_original1/plots/IL246/Bcells/fold_0/CD25_plot
loaded
saved under /home/groups/gbrice/ptb-drugscreen/ot/cellot/results/cross_validation_original1/plots/IL246/Bcells/fold_0/HLADR_plot
loaded
saved under /home/groups/gbrice/ptb-drugscreen/ot/cellot/results/cross_validation_original1/plots/IL246/Bcells/fold_0/IkB_plot
loaded
saved under /home/groups/gbrice/ptb-drugscreen/ot/cellot/results/cross_validation_original1/plots/IL246/Bcells/fold_0/pCREB_plot
loaded
saved under /home/groups/gbrice/ptb-drugscreen/ot/cellot/results/cross_validation_original1/plots/IL246/Bcells/fold_0/pERK_plot
loaded
saved under /home/groups/gbrice/ptb-drugscreen/ot/cellot/results/cross_validation_original1/plots/IL246/Bcells/fold_0/pMK2_plot
loaded
saved under /home/groups/gbrice/ptb-drugscreen/ot/cellot/results/cross_validation_original1/plots/IL246/Bcells/fold_0/pNFkB_plot
loaded
saved under /home/groups/gbrice/ptb-drugscreen/ot/cellot/results/cross_validation_original1/plots/IL246/Bcells/fold_0/pS6_plot
loaded
saved under /home/groups/gbrice/ptb-drugscreen/ot/cellot/results/cross_validation_original1/plots/IL246/Bcells/fold_0/pSTAT1_plot
loaded
saved under /home/groups/gbrice/ptb-drugscreen/ot/cellot/results/cross_validation_original1/plots/IL246/Bcells/fold_0/pSTAT3_plot
loaded
saved under /home/groups/gbrice/ptb-drugscreen/ot/cellot/results/cross_validation_original1/plots/IL246/Bcells/fold_0/pSTAT5_plot
loaded
saved under /home/groups/gbrice/ptb-drugscreen/ot/cellot/results/cross_validation_original1/plots/IL246/Bcells/fold_0/pSTAT6_plot
loaded
saved under /home/groups/gbrice/ptb-drugscreen/ot/cellot/results/cross_validation_original1/plots/IL246/Bcells/fold_0/pp38_plot
loaded
saved under /home/groups/gbrice/ptb-drugscreen/ot/cellot/results/cross_validation_original1/plots/IL246/CD4Tcm/fold_0/CD25_plot
loaded
saved under /home/groups/gbrice/ptb-drugscreen/ot/cellot/results/cross_validation_original1/plots/IL246/CD4Tcm/fold_0/HLADR_plot
loaded
saved under /home/groups/gbrice/ptb-drugscreen/ot/cellot/results/cross_validation_original1/plots/IL246/CD4Tcm/fold_0/IkB_plot
loaded
saved under /home/groups/gbrice/ptb-drugscreen/ot/cellot/results/cross_validation_original1/plots/IL246/CD4Tcm/fold_0/pCREB_plot
loaded
saved under /home/groups/gbrice/ptb-drugscreen/ot/cellot/results/cross_validation_original1/plots/IL246/CD4Tcm/fold_0/pERK_plot
loaded
saved under /home/groups/gbrice/ptb-drugscreen/ot/cellot/results/cross_validation_original1/plots/IL246/CD4Tcm/fold_0/pMK2_plot
loaded
saved under /home/groups/gbrice/ptb-drugscreen/ot/cellot/results/cross_validation_original1/plots/IL246/CD4Tcm/fold_0/pNFkB_plot
loaded
saved under /home/groups/gbrice/ptb-drugscreen/ot/cellot/results/cross_validation_original1/plots/IL246/CD4Tcm/fold_0/pS6_plot
loaded
saved under /home/groups/gbrice/ptb-drugscreen/ot/cellot/results/cross_validation_original1/plots/IL246/CD4Tcm/fold_0/pSTAT1_plot
loaded
saved under /home/groups/gbrice/ptb-drugscreen/ot/cellot/results/cross_validation_original1/plots/IL246/CD4Tcm/fold_0/pSTAT3_plot
loaded
saved under /home/groups/gbrice/ptb-drugscreen/ot/cellot/results/cross_validation_original1/plots/IL246/CD4Tcm/fold_0/pSTAT5_plot
loaded
saved under /home/groups/gbrice/ptb-drugscreen/ot/cellot/results/cross_validation_original1/plots/IL246/CD4Tcm/fold_0/pSTAT6_plot
loaded
saved under /home/groups/gbrice/ptb-drugscreen/ot/cellot/results/cross_validation_original1/plots/IL246/CD4Tcm/fold_0/pp38_plot
[WARN] No data for patient HV04, stim IL246, cell CD4Tcm_CCR2pos
