loaded
saved under /home/groups/gbrice/ptb-drugscreen/ot/cellot/results/cross_validation_original1/plots/IL246/Bcells/fold_0/CD25_plot
loaded
saved under /home/groups/gbrice/ptb-drugscreen/ot/cellot/results/cross_validation_original1/plots/IL246/Bcells/fold_0/HLADR_plot
loaded
saved under /home/groups/gbrice/ptb-drugscreen/ot/cellot/results/cross_validation_original1/plots/IL246/Bcells/fold_0/IkB_plot
loaded
saved under /home/groups/gbrice/ptb-drugscreen/ot/cellot/results/cross_validation_original1/plots/IL246/Bcells/fold_0/pCREB_plot
loaded
saved under /home/groups/gbrice/ptb-drugscreen/ot/cellot/results/cross_validation_original1/plots/IL246/Bcells/fold_0/pERK_plot
loaded
saved under /home/groups/gbrice/ptb-drugscreen/ot/cellot/results/cross_validation_original1/plots/IL246/Bcells/fold_0/pMK2_plot
loaded
saved under /home/groups/gbrice/ptb-drugscreen/ot/cellot/results/cross_validation_original1/plots/IL246/Bcells/fold_0/pNFkB_plot
loaded
saved under /home/groups/gbrice/ptb-drugscreen/ot/cellot/results/cross_validation_original1/plots/IL246/Bcells/fold_0/pS6_plot
loaded
saved under /home/groups/gbrice/ptb-drugscreen/ot/cellot/results/cross_validation_original1/plots/IL246/Bcells/fold_0/pSTAT1_plot
loaded
saved under /home/groups/gbrice/ptb-drugscreen/ot/cellot/results/cross_validation_original1/plots/IL246/Bcells/fold_0/pSTAT3_plot
loaded
saved under /home/groups/gbrice/ptb-drugscreen/ot/cellot/results/cross_validation_original1/plots/IL246/Bcells/fold_0/pSTAT5_plot
loaded
saved under /home/groups/gbrice/ptb-drugscreen/ot/cellot/results/cross_validation_original1/plots/IL246/Bcells/fold_0/pSTAT6_plot
loaded
saved under /home/groups/gbrice/ptb-drugscreen/ot/cellot/results/cross_validation_original1/plots/IL246/Bcells/fold_0/pp38_plot
loaded
saved under /home/groups/gbrice/ptb-drugscreen/ot/cellot/results/cross_validation_original1/plots/IL246/CD4Tcm/fold_0/CD25_plot
loaded
saved under /home/groups/gbrice/ptb-drugscreen/ot/cellot/results/cross_validation_original1/plots/IL246/CD4Tcm/fold_0/HLADR_plot
loaded
saved under /home/groups/gbrice/ptb-drugscreen/ot/cellot/results/cross_validation_original1/plots/IL246/CD4Tcm/fold_0/IkB_plot
loaded
saved under /home/groups/gbrice/ptb-drugscreen/ot/cellot/results/cross_validation_original1/plots/IL246/CD4Tcm/fold_0/pCREB_plot
loaded
saved under /home/groups/gbrice/ptb-drugscreen/ot/cellot/results/cross_validation_original1/plots/IL246/CD4Tcm/fold_0/pERK_plot
loaded
saved under /home/groups/gbrice/ptb-drugscreen/ot/cellot/results/cross_validation_original1/plots/IL246/CD4Tcm/fold_0/pMK2_plot
loaded
saved under /home/groups/gbrice/ptb-drugscreen/ot/cellot/results/cross_validation_original1/plots/IL246/CD4Tcm/fold_0/pNFkB_plot
loaded
saved under /home/groups/gbrice/ptb-drugscreen/ot/cellot/results/cross_validation_original1/plots/IL246/CD4Tcm/fold_0/pS6_plot
loaded
saved under /home/groups/gbrice/ptb-drugscreen/ot/cellot/results/cross_validation_original1/plots/IL246/CD4Tcm/fold_0/pSTAT1_plot
loaded
saved under /home/groups/gbrice/ptb-drugscreen/ot/cellot/results/cross_validation_original1/plots/IL246/CD4Tcm/fold_0/pSTAT3_plot
loaded
saved under /home/groups/gbrice/ptb-drugscreen/ot/cellot/results/cross_validation_original1/plots/IL246/CD4Tcm/fold_0/pSTAT5_plot
loaded
saved under /home/groups/gbrice/ptb-drugscreen/ot/cellot/results/cross_validation_original1/plots/IL246/CD4Tcm/fold_0/pSTAT6_plot
loaded
saved under /home/groups/gbrice/ptb-drugscreen/ot/cellot/results/cross_validation_original1/plots/IL246/CD4Tcm/fold_0/pp38_plot
loaded
saved under /home/groups/gbrice/ptb-drugscreen/ot/cellot/results/cross_validation_original1/plots/IL246/CD4Tcm_CCR2pos/fold_0/CD25_plot
loaded
saved under /home/groups/gbrice/ptb-drugscreen/ot/cellot/results/cross_validation_original1/plots/IL246/CD4Tcm_CCR2pos/fold_0/HLADR_plot
loaded
saved under /home/groups/gbrice/ptb-drugscreen/ot/cellot/results/cross_validation_original1/plots/IL246/CD4Tcm_CCR2pos/fold_0/IkB_plot
loaded
saved under /home/groups/gbrice/ptb-drugscreen/ot/cellot/results/cross_validation_original1/plots/IL246/CD4Tcm_CCR2pos/fold_0/pCREB_plot
loaded
saved under /home/groups/gbrice/ptb-drugscreen/ot/cellot/results/cross_validation_original1/plots/IL246/CD4Tcm_CCR2pos/fold_0/pERK_plot
loaded
saved under /home/groups/gbrice/ptb-drugscreen/ot/cellot/results/cross_validation_original1/plots/IL246/CD4Tcm_CCR2pos/fold_0/pMK2_plot
loaded
saved under /home/groups/gbrice/ptb-drugscreen/ot/cellot/results/cross_validation_original1/plots/IL246/CD4Tcm_CCR2pos/fold_0/pNFkB_plot
loaded
saved under /home/groups/gbrice/ptb-drugscreen/ot/cellot/results/cross_validation_original1/plots/IL246/CD4Tcm_CCR2pos/fold_0/pS6_plot
loaded
saved under /home/groups/gbrice/ptb-drugscreen/ot/cellot/results/cross_validation_original1/plots/IL246/CD4Tcm_CCR2pos/fold_0/pSTAT1_plot
loaded
saved under /home/groups/gbrice/ptb-drugscreen/ot/cellot/results/cross_validation_original1/plots/IL246/CD4Tcm_CCR2pos/fold_0/pSTAT3_plot
loaded
saved under /home/groups/gbrice/ptb-drugscreen/ot/cellot/results/cross_validation_original1/plots/IL246/CD4Tcm_CCR2pos/fold_0/pSTAT5_plot
loaded
saved under /home/groups/gbrice/ptb-drugscreen/ot/cellot/results/cross_validation_original1/plots/IL246/CD4Tcm_CCR2pos/fold_0/pSTAT6_plot
loaded
saved under /home/groups/gbrice/ptb-drugscreen/ot/cellot/results/cross_validation_original1/plots/IL246/CD4Tcm_CCR2pos/fold_0/pp38_plot
loaded
saved under /home/groups/gbrice/ptb-drugscreen/ot/cellot/results/cross_validation_original1/plots/IL246/CD4Teff/fold_0/CD25_plot
loaded
saved under /home/groups/gbrice/ptb-drugscreen/ot/cellot/results/cross_validation_original1/plots/IL246/CD4Teff/fold_0/HLADR_plot
loaded
saved under /home/groups/gbrice/ptb-drugscreen/ot/cellot/results/cross_validation_original1/plots/IL246/CD4Teff/fold_0/IkB_plot
loaded
saved under /home/groups/gbrice/ptb-drugscreen/ot/cellot/results/cross_validation_original1/plots/IL246/CD4Teff/fold_0/pCREB_plot
loaded
saved under /home/groups/gbrice/ptb-drugscreen/ot/cellot/results/cross_validation_original1/plots/IL246/CD4Teff/fold_0/pERK_plot
loaded
saved under /home/groups/gbrice/ptb-drugscreen/ot/cellot/results/cross_validation_original1/plots/IL246/CD4Teff/fold_0/pMK2_plot
loaded
saved under /home/groups/gbrice/ptb-drugscreen/ot/cellot/results/cross_validation_original1/plots/IL246/CD4Teff/fold_0/pNFkB_plot
loaded
saved under /home/groups/gbrice/ptb-drugscreen/ot/cellot/results/cross_validation_original1/plots/IL246/CD4Teff/fold_0/pS6_plot
loaded
saved under /home/groups/gbrice/ptb-drugscreen/ot/cellot/results/cross_validation_original1/plots/IL246/CD4Teff/fold_0/pSTAT1_plot
loaded
saved under /home/groups/gbrice/ptb-drugscreen/ot/cellot/results/cross_validation_original1/plots/IL246/CD4Teff/fold_0/pSTAT3_plot
loaded
saved under /home/groups/gbrice/ptb-drugscreen/ot/cellot/results/cross_validation_original1/plots/IL246/CD4Teff/fold_0/pSTAT5_plot
loaded
saved under /home/groups/gbrice/ptb-drugscreen/ot/cellot/results/cross_validation_original1/plots/IL246/CD4Teff/fold_0/pSTAT6_plot
loaded
saved under /home/groups/gbrice/ptb-drugscreen/ot/cellot/results/cross_validation_original1/plots/IL246/CD4Teff/fold_0/pp38_plot
loaded
saved under /home/groups/gbrice/ptb-drugscreen/ot/cellot/results/cross_validation_original1/plots/IL246/CD4Tem/fold_0/CD25_plot
loaded
saved under /home/groups/gbrice/ptb-drugscreen/ot/cellot/results/cross_validation_original1/plots/IL246/CD4Tem/fold_0/HLADR_plot
loaded
saved under /home/groups/gbrice/ptb-drugscreen/ot/cellot/results/cross_validation_original1/plots/IL246/CD4Tem/fold_0/IkB_plot
loaded
saved under /home/groups/gbrice/ptb-drugscreen/ot/cellot/results/cross_validation_original1/plots/IL246/CD4Tem/fold_0/pCREB_plot
loaded
saved under /home/groups/gbrice/ptb-drugscreen/ot/cellot/results/cross_validation_original1/plots/IL246/CD4Tem/fold_0/pERK_plot
loaded
saved under /home/groups/gbrice/ptb-drugscreen/ot/cellot/results/cross_validation_original1/plots/IL246/CD4Tem/fold_0/pMK2_plot
loaded
saved under /home/groups/gbrice/ptb-drugscreen/ot/cellot/results/cross_validation_original1/plots/IL246/CD4Tem/fold_0/pNFkB_plot
loaded
saved under /home/groups/gbrice/ptb-drugscreen/ot/cellot/results/cross_validation_original1/plots/IL246/CD4Tem/fold_0/pS6_plot
loaded
saved under /home/groups/gbrice/ptb-drugscreen/ot/cellot/results/cross_validation_original1/plots/IL246/CD4Tem/fold_0/pSTAT1_plot
loaded
saved under /home/groups/gbrice/ptb-drugscreen/ot/cellot/results/cross_validation_original1/plots/IL246/CD4Tem/fold_0/pSTAT3_plot
loaded
saved under /home/groups/gbrice/ptb-drugscreen/ot/cellot/results/cross_validation_original1/plots/IL246/CD4Tem/fold_0/pSTAT5_plot
loaded
saved under /home/groups/gbrice/ptb-drugscreen/ot/cellot/results/cross_validation_original1/plots/IL246/CD4Tem/fold_0/pSTAT6_plot
loaded
saved under /home/groups/gbrice/ptb-drugscreen/ot/cellot/results/cross_validation_original1/plots/IL246/CD4Tem/fold_0/pp38_plot
loaded
saved under /home/groups/gbrice/ptb-drugscreen/ot/cellot/results/cross_validation_original1/plots/IL246/CD4Tem_CCR2pos/fold_0/CD25_plot
loaded
saved under /home/groups/gbrice/ptb-drugscreen/ot/cellot/results/cross_validation_original1/plots/IL246/CD4Tem_CCR2pos/fold_0/HLADR_plot
loaded
saved under /home/groups/gbrice/ptb-drugscreen/ot/cellot/results/cross_validation_original1/plots/IL246/CD4Tem_CCR2pos/fold_0/IkB_plot
loaded
saved under /home/groups/gbrice/ptb-drugscreen/ot/cellot/results/cross_validation_original1/plots/IL246/CD4Tem_CCR2pos/fold_0/pCREB_plot
loaded
saved under /home/groups/gbrice/ptb-drugscreen/ot/cellot/results/cross_validation_original1/plots/IL246/CD4Tem_CCR2pos/fold_0/pERK_plot
loaded
saved under /home/groups/gbrice/ptb-drugscreen/ot/cellot/results/cross_validation_original1/plots/IL246/CD4Tem_CCR2pos/fold_0/pMK2_plot
loaded
saved under /home/groups/gbrice/ptb-drugscreen/ot/cellot/results/cross_validation_original1/plots/IL246/CD4Tem_CCR2pos/fold_0/pNFkB_plot
loaded
saved under /home/groups/gbrice/ptb-drugscreen/ot/cellot/results/cross_validation_original1/plots/IL246/CD4Tem_CCR2pos/fold_0/pS6_plot
loaded
saved under /home/groups/gbrice/ptb-drugscreen/ot/cellot/results/cross_validation_original1/plots/IL246/CD4Tem_CCR2pos/fold_0/pSTAT1_plot
loaded
saved under /home/groups/gbrice/ptb-drugscreen/ot/cellot/results/cross_validation_original1/plots/IL246/CD4Tem_CCR2pos/fold_0/pSTAT3_plot
loaded
saved under /home/groups/gbrice/ptb-drugscreen/ot/cellot/results/cross_validation_original1/plots/IL246/CD4Tem_CCR2pos/fold_0/pSTAT5_plot
loaded
saved under /home/groups/gbrice/ptb-drugscreen/ot/cellot/results/cross_validation_original1/plots/IL246/CD4Tem_CCR2pos/fold_0/pSTAT6_plot
loaded
saved under /home/groups/gbrice/ptb-drugscreen/ot/cellot/results/cross_validation_original1/plots/IL246/CD4Tem_CCR2pos/fold_0/pp38_plot
loaded
saved under /home/groups/gbrice/ptb-drugscreen/ot/cellot/results/cross_validation_original1/plots/IL246/CD4Tnaive/fold_0/CD25_plot
loaded
saved under /home/groups/gbrice/ptb-drugscreen/ot/cellot/results/cross_validation_original1/plots/IL246/CD4Tnaive/fold_0/HLADR_plot
loaded
saved under /home/groups/gbrice/ptb-drugscreen/ot/cellot/results/cross_validation_original1/plots/IL246/CD4Tnaive/fold_0/IkB_plot
loaded
saved under /home/groups/gbrice/ptb-drugscreen/ot/cellot/results/cross_validation_original1/plots/IL246/CD4Tnaive/fold_0/pCREB_plot
loaded
saved under /home/groups/gbrice/ptb-drugscreen/ot/cellot/results/cross_validation_original1/plots/IL246/CD4Tnaive/fold_0/pERK_plot
loaded
saved under /home/groups/gbrice/ptb-drugscreen/ot/cellot/results/cross_validation_original1/plots/IL246/CD4Tnaive/fold_0/pMK2_plot
loaded
saved under /home/groups/gbrice/ptb-drugscreen/ot/cellot/results/cross_validation_original1/plots/IL246/CD4Tnaive/fold_0/pNFkB_plot
loaded
saved under /home/groups/gbrice/ptb-drugscreen/ot/cellot/results/cross_validation_original1/plots/IL246/CD4Tnaive/fold_0/pS6_plot
loaded
saved under /home/groups/gbrice/ptb-drugscreen/ot/cellot/results/cross_validation_original1/plots/IL246/CD4Tnaive/fold_0/pSTAT1_plot
loaded
saved under /home/groups/gbrice/ptb-drugscreen/ot/cellot/results/cross_validation_original1/plots/IL246/CD4Tnaive/fold_0/pSTAT3_plot
loaded
saved under /home/groups/gbrice/ptb-drugscreen/ot/cellot/results/cross_validation_original1/plots/IL246/CD4Tnaive/fold_0/pSTAT5_plot
loaded
saved under /home/groups/gbrice/ptb-drugscreen/ot/cellot/results/cross_validation_original1/plots/IL246/CD4Tnaive/fold_0/pSTAT6_plot
loaded
saved under /home/groups/gbrice/ptb-drugscreen/ot/cellot/results/cross_validation_original1/plots/IL246/CD4Tnaive/fold_0/pp38_plot
loaded
saved under /home/groups/gbrice/ptb-drugscreen/ot/cellot/results/cross_validation_original1/plots/IL246/CD4Tregs/fold_0/CD25_plot
loaded
saved under /home/groups/gbrice/ptb-drugscreen/ot/cellot/results/cross_validation_original1/plots/IL246/CD4Tregs/fold_0/HLADR_plot
loaded
saved under /home/groups/gbrice/ptb-drugscreen/ot/cellot/results/cross_validation_original1/plots/IL246/CD4Tregs/fold_0/IkB_plot
loaded
saved under /home/groups/gbrice/ptb-drugscreen/ot/cellot/results/cross_validation_original1/plots/IL246/CD4Tregs/fold_0/pCREB_plot
loaded
saved under /home/groups/gbrice/ptb-drugscreen/ot/cellot/results/cross_validation_original1/plots/IL246/CD4Tregs/fold_0/pERK_plot
loaded
saved under /home/groups/gbrice/ptb-drugscreen/ot/cellot/results/cross_validation_original1/plots/IL246/CD4Tregs/fold_0/pMK2_plot
loaded
saved under /home/groups/gbrice/ptb-drugscreen/ot/cellot/results/cross_validation_original1/plots/IL246/CD4Tregs/fold_0/pNFkB_plot
loaded
saved under /home/groups/gbrice/ptb-drugscreen/ot/cellot/results/cross_validation_original1/plots/IL246/CD4Tregs/fold_0/pS6_plot
loaded
saved under /home/groups/gbrice/ptb-drugscreen/ot/cellot/results/cross_validation_original1/plots/IL246/CD4Tregs/fold_0/pSTAT1_plot
loaded
saved under /home/groups/gbrice/ptb-drugscreen/ot/cellot/results/cross_validation_original1/plots/IL246/CD4Tregs/fold_0/pSTAT3_plot
loaded
saved under /home/groups/gbrice/ptb-drugscreen/ot/cellot/results/cross_validation_original1/plots/IL246/CD4Tregs/fold_0/pSTAT5_plot
loaded
saved under /home/groups/gbrice/ptb-drugscreen/ot/cellot/results/cross_validation_original1/plots/IL246/CD4Tregs/fold_0/pSTAT6_plot
loaded
saved under /home/groups/gbrice/ptb-drugscreen/ot/cellot/results/cross_validation_original1/plots/IL246/CD4Tregs/fold_0/pp38_plot
loaded
saved under /home/groups/gbrice/ptb-drugscreen/ot/cellot/results/cross_validation_original1/plots/IL246/CD4negCD8negTcells/fold_0/CD25_plot
loaded
saved under /home/groups/gbrice/ptb-drugscreen/ot/cellot/results/cross_validation_original1/plots/IL246/CD4negCD8negTcells/fold_0/HLADR_plot
loaded
saved under /home/groups/gbrice/ptb-drugscreen/ot/cellot/results/cross_validation_original1/plots/IL246/CD4negCD8negTcells/fold_0/IkB_plot
loaded
saved under /home/groups/gbrice/ptb-drugscreen/ot/cellot/results/cross_validation_original1/plots/IL246/CD4negCD8negTcells/fold_0/pCREB_plot
loaded
saved under /home/groups/gbrice/ptb-drugscreen/ot/cellot/results/cross_validation_original1/plots/IL246/CD4negCD8negTcells/fold_0/pERK_plot
loaded
saved under /home/groups/gbrice/ptb-drugscreen/ot/cellot/results/cross_validation_original1/plots/IL246/CD4negCD8negTcells/fold_0/pMK2_plot
loaded
saved under /home/groups/gbrice/ptb-drugscreen/ot/cellot/results/cross_validation_original1/plots/IL246/CD4negCD8negTcells/fold_0/pNFkB_plot
loaded
saved under /home/groups/gbrice/ptb-drugscreen/ot/cellot/results/cross_validation_original1/plots/IL246/CD4negCD8negTcells/fold_0/pS6_plot
loaded
saved under /home/groups/gbrice/ptb-drugscreen/ot/cellot/results/cross_validation_original1/plots/IL246/CD4negCD8negTcells/fold_0/pSTAT1_plot
loaded
saved under /home/groups/gbrice/ptb-drugscreen/ot/cellot/results/cross_validation_original1/plots/IL246/CD4negCD8negTcells/fold_0/pSTAT3_plot
loaded
saved under /home/groups/gbrice/ptb-drugscreen/ot/cellot/results/cross_validation_original1/plots/IL246/CD4negCD8negTcells/fold_0/pSTAT5_plot
loaded
saved under /home/groups/gbrice/ptb-drugscreen/ot/cellot/results/cross_validation_original1/plots/IL246/CD4negCD8negTcells/fold_0/pSTAT6_plot
loaded
saved under /home/groups/gbrice/ptb-drugscreen/ot/cellot/results/cross_validation_original1/plots/IL246/CD4negCD8negTcells/fold_0/pp38_plot
loaded
saved under /home/groups/gbrice/ptb-drugscreen/ot/cellot/results/cross_validation_original1/plots/IL246/CD56hiCD16negNK/fold_0/CD25_plot
loaded
saved under /home/groups/gbrice/ptb-drugscreen/ot/cellot/results/cross_validation_original1/plots/IL246/CD56hiCD16negNK/fold_0/HLADR_plot
loaded
saved under /home/groups/gbrice/ptb-drugscreen/ot/cellot/results/cross_validation_original1/plots/IL246/CD56hiCD16negNK/fold_0/IkB_plot
loaded
saved under /home/groups/gbrice/ptb-drugscreen/ot/cellot/results/cross_validation_original1/plots/IL246/CD56hiCD16negNK/fold_0/pCREB_plot
loaded
saved under /home/groups/gbrice/ptb-drugscreen/ot/cellot/results/cross_validation_original1/plots/IL246/CD56hiCD16negNK/fold_0/pERK_plot
loaded
saved under /home/groups/gbrice/ptb-drugscreen/ot/cellot/results/cross_validation_original1/plots/IL246/CD56hiCD16negNK/fold_0/pMK2_plot
loaded
saved under /home/groups/gbrice/ptb-drugscreen/ot/cellot/results/cross_validation_original1/plots/IL246/CD56hiCD16negNK/fold_0/pNFkB_plot
loaded
saved under /home/groups/gbrice/ptb-drugscreen/ot/cellot/results/cross_validation_original1/plots/IL246/CD56hiCD16negNK/fold_0/pS6_plot
loaded
saved under /home/groups/gbrice/ptb-drugscreen/ot/cellot/results/cross_validation_original1/plots/IL246/CD56hiCD16negNK/fold_0/pSTAT1_plot
loaded
saved under /home/groups/gbrice/ptb-drugscreen/ot/cellot/results/cross_validation_original1/plots/IL246/CD56hiCD16negNK/fold_0/pSTAT3_plot
loaded
saved under /home/groups/gbrice/ptb-drugscreen/ot/cellot/results/cross_validation_original1/plots/IL246/CD56hiCD16negNK/fold_0/pSTAT5_plot
loaded
saved under /home/groups/gbrice/ptb-drugscreen/ot/cellot/results/cross_validation_original1/plots/IL246/CD56hiCD16negNK/fold_0/pSTAT6_plot
loaded
saved under /home/groups/gbrice/ptb-drugscreen/ot/cellot/results/cross_validation_original1/plots/IL246/CD56hiCD16negNK/fold_0/pp38_plot
loaded
saved under /home/groups/gbrice/ptb-drugscreen/ot/cellot/results/cross_validation_original1/plots/IL246/CD56loCD16posNK/fold_0/CD25_plot
loaded
saved under /home/groups/gbrice/ptb-drugscreen/ot/cellot/results/cross_validation_original1/plots/IL246/CD56loCD16posNK/fold_0/HLADR_plot
loaded
saved under /home/groups/gbrice/ptb-drugscreen/ot/cellot/results/cross_validation_original1/plots/IL246/CD56loCD16posNK/fold_0/IkB_plot
loaded
saved under /home/groups/gbrice/ptb-drugscreen/ot/cellot/results/cross_validation_original1/plots/IL246/CD56loCD16posNK/fold_0/pCREB_plot
loaded
saved under /home/groups/gbrice/ptb-drugscreen/ot/cellot/results/cross_validation_original1/plots/IL246/CD56loCD16posNK/fold_0/pERK_plot
loaded
saved under /home/groups/gbrice/ptb-drugscreen/ot/cellot/results/cross_validation_original1/plots/IL246/CD56loCD16posNK/fold_0/pMK2_plot
loaded
saved under /home/groups/gbrice/ptb-drugscreen/ot/cellot/results/cross_validation_original1/plots/IL246/CD56loCD16posNK/fold_0/pNFkB_plot
loaded
saved under /home/groups/gbrice/ptb-drugscreen/ot/cellot/results/cross_validation_original1/plots/IL246/CD56loCD16posNK/fold_0/pS6_plot
loaded
saved under /home/groups/gbrice/ptb-drugscreen/ot/cellot/results/cross_validation_original1/plots/IL246/CD56loCD16posNK/fold_0/pSTAT1_plot
loaded
saved under /home/groups/gbrice/ptb-drugscreen/ot/cellot/results/cross_validation_original1/plots/IL246/CD56loCD16posNK/fold_0/pSTAT3_plot
loaded
saved under /home/groups/gbrice/ptb-drugscreen/ot/cellot/results/cross_validation_original1/plots/IL246/CD56loCD16posNK/fold_0/pSTAT5_plot
loaded
saved under /home/groups/gbrice/ptb-drugscreen/ot/cellot/results/cross_validation_original1/plots/IL246/CD56loCD16posNK/fold_0/pSTAT6_plot
loaded
saved under /home/groups/gbrice/ptb-drugscreen/ot/cellot/results/cross_validation_original1/plots/IL246/CD56loCD16posNK/fold_0/pp38_plot
loaded
saved under /home/groups/gbrice/ptb-drugscreen/ot/cellot/results/cross_validation_original1/plots/IL246/CD8Tcells_Th1/fold_0/CD25_plot
loaded
saved under /home/groups/gbrice/ptb-drugscreen/ot/cellot/results/cross_validation_original1/plots/IL246/CD8Tcells_Th1/fold_0/HLADR_plot
loaded
saved under /home/groups/gbrice/ptb-drugscreen/ot/cellot/results/cross_validation_original1/plots/IL246/CD8Tcells_Th1/fold_0/IkB_plot
loaded
saved under /home/groups/gbrice/ptb-drugscreen/ot/cellot/results/cross_validation_original1/plots/IL246/CD8Tcells_Th1/fold_0/pCREB_plot
loaded
saved under /home/groups/gbrice/ptb-drugscreen/ot/cellot/results/cross_validation_original1/plots/IL246/CD8Tcells_Th1/fold_0/pERK_plot
loaded
saved under /home/groups/gbrice/ptb-drugscreen/ot/cellot/results/cross_validation_original1/plots/IL246/CD8Tcells_Th1/fold_0/pMK2_plot
loaded
saved under /home/groups/gbrice/ptb-drugscreen/ot/cellot/results/cross_validation_original1/plots/IL246/CD8Tcells_Th1/fold_0/pNFkB_plot
loaded
saved under /home/groups/gbrice/ptb-drugscreen/ot/cellot/results/cross_validation_original1/plots/IL246/CD8Tcells_Th1/fold_0/pS6_plot
loaded
saved under /home/groups/gbrice/ptb-drugscreen/ot/cellot/results/cross_validation_original1/plots/IL246/CD8Tcells_Th1/fold_0/pSTAT1_plot
loaded
saved under /home/groups/gbrice/ptb-drugscreen/ot/cellot/results/cross_validation_original1/plots/IL246/CD8Tcells_Th1/fold_0/pSTAT3_plot
loaded
saved under /home/groups/gbrice/ptb-drugscreen/ot/cellot/results/cross_validation_original1/plots/IL246/CD8Tcells_Th1/fold_0/pSTAT5_plot
loaded
saved under /home/groups/gbrice/ptb-drugscreen/ot/cellot/results/cross_validation_original1/plots/IL246/CD8Tcells_Th1/fold_0/pSTAT6_plot
loaded
saved under /home/groups/gbrice/ptb-drugscreen/ot/cellot/results/cross_validation_original1/plots/IL246/CD8Tcells_Th1/fold_0/pp38_plot
loaded
saved under /home/groups/gbrice/ptb-drugscreen/ot/cellot/results/cross_validation_original1/plots/IL246/CD8Tcm/fold_0/CD25_plot
loaded
saved under /home/groups/gbrice/ptb-drugscreen/ot/cellot/results/cross_validation_original1/plots/IL246/CD8Tcm/fold_0/HLADR_plot
loaded
saved under /home/groups/gbrice/ptb-drugscreen/ot/cellot/results/cross_validation_original1/plots/IL246/CD8Tcm/fold_0/IkB_plot
loaded
saved under /home/groups/gbrice/ptb-drugscreen/ot/cellot/results/cross_validation_original1/plots/IL246/CD8Tcm/fold_0/pCREB_plot
loaded
saved under /home/groups/gbrice/ptb-drugscreen/ot/cellot/results/cross_validation_original1/plots/IL246/CD8Tcm/fold_0/pERK_plot
loaded
saved under /home/groups/gbrice/ptb-drugscreen/ot/cellot/results/cross_validation_original1/plots/IL246/CD8Tcm/fold_0/pMK2_plot
loaded
saved under /home/groups/gbrice/ptb-drugscreen/ot/cellot/results/cross_validation_original1/plots/IL246/CD8Tcm/fold_0/pNFkB_plot
loaded
saved under /home/groups/gbrice/ptb-drugscreen/ot/cellot/results/cross_validation_original1/plots/IL246/CD8Tcm/fold_0/pS6_plot
loaded
saved under /home/groups/gbrice/ptb-drugscreen/ot/cellot/results/cross_validation_original1/plots/IL246/CD8Tcm/fold_0/pSTAT1_plot
loaded
saved under /home/groups/gbrice/ptb-drugscreen/ot/cellot/results/cross_validation_original1/plots/IL246/CD8Tcm/fold_0/pSTAT3_plot
loaded
saved under /home/groups/gbrice/ptb-drugscreen/ot/cellot/results/cross_validation_original1/plots/IL246/CD8Tcm/fold_0/pSTAT5_plot
loaded
saved under /home/groups/gbrice/ptb-drugscreen/ot/cellot/results/cross_validation_original1/plots/IL246/CD8Tcm/fold_0/pSTAT6_plot
loaded
saved under /home/groups/gbrice/ptb-drugscreen/ot/cellot/results/cross_validation_original1/plots/IL246/CD8Tcm/fold_0/pp38_plot
loaded
saved under /home/groups/gbrice/ptb-drugscreen/ot/cellot/results/cross_validation_original1/plots/IL246/CD8Tcm_CCR2pos/fold_0/CD25_plot
loaded
saved under /home/groups/gbrice/ptb-drugscreen/ot/cellot/results/cross_validation_original1/plots/IL246/CD8Tcm_CCR2pos/fold_0/HLADR_plot
loaded
saved under /home/groups/gbrice/ptb-drugscreen/ot/cellot/results/cross_validation_original1/plots/IL246/CD8Tcm_CCR2pos/fold_0/IkB_plot
loaded
saved under /home/groups/gbrice/ptb-drugscreen/ot/cellot/results/cross_validation_original1/plots/IL246/CD8Tcm_CCR2pos/fold_0/pCREB_plot
loaded
saved under /home/groups/gbrice/ptb-drugscreen/ot/cellot/results/cross_validation_original1/plots/IL246/CD8Tcm_CCR2pos/fold_0/pERK_plot
loaded
saved under /home/groups/gbrice/ptb-drugscreen/ot/cellot/results/cross_validation_original1/plots/IL246/CD8Tcm_CCR2pos/fold_0/pMK2_plot
loaded
saved under /home/groups/gbrice/ptb-drugscreen/ot/cellot/results/cross_validation_original1/plots/IL246/CD8Tcm_CCR2pos/fold_0/pNFkB_plot
loaded
saved under /home/groups/gbrice/ptb-drugscreen/ot/cellot/results/cross_validation_original1/plots/IL246/CD8Tcm_CCR2pos/fold_0/pS6_plot
loaded
saved under /home/groups/gbrice/ptb-drugscreen/ot/cellot/results/cross_validation_original1/plots/IL246/CD8Tcm_CCR2pos/fold_0/pSTAT1_plot
loaded
saved under /home/groups/gbrice/ptb-drugscreen/ot/cellot/results/cross_validation_original1/plots/IL246/CD8Tcm_CCR2pos/fold_0/pSTAT3_plot
loaded
saved under /home/groups/gbrice/ptb-drugscreen/ot/cellot/results/cross_validation_original1/plots/IL246/CD8Tcm_CCR2pos/fold_0/pSTAT5_plot
loaded
saved under /home/groups/gbrice/ptb-drugscreen/ot/cellot/results/cross_validation_original1/plots/IL246/CD8Tcm_CCR2pos/fold_0/pSTAT6_plot
loaded
saved under /home/groups/gbrice/ptb-drugscreen/ot/cellot/results/cross_validation_original1/plots/IL246/CD8Tcm_CCR2pos/fold_0/pp38_plot
loaded
saved under /home/groups/gbrice/ptb-drugscreen/ot/cellot/results/cross_validation_original1/plots/IL246/CD8Teff/fold_0/CD25_plot
loaded
saved under /home/groups/gbrice/ptb-drugscreen/ot/cellot/results/cross_validation_original1/plots/IL246/CD8Teff/fold_0/HLADR_plot
loaded
saved under /home/groups/gbrice/ptb-drugscreen/ot/cellot/results/cross_validation_original1/plots/IL246/CD8Teff/fold_0/IkB_plot
loaded
saved under /home/groups/gbrice/ptb-drugscreen/ot/cellot/results/cross_validation_original1/plots/IL246/CD8Teff/fold_0/pCREB_plot
loaded
saved under /home/groups/gbrice/ptb-drugscreen/ot/cellot/results/cross_validation_original1/plots/IL246/CD8Teff/fold_0/pERK_plot
loaded
saved under /home/groups/gbrice/ptb-drugscreen/ot/cellot/results/cross_validation_original1/plots/IL246/CD8Teff/fold_0/pMK2_plot
loaded
saved under /home/groups/gbrice/ptb-drugscreen/ot/cellot/results/cross_validation_original1/plots/IL246/CD8Teff/fold_0/pNFkB_plot
loaded
saved under /home/groups/gbrice/ptb-drugscreen/ot/cellot/results/cross_validation_original1/plots/IL246/CD8Teff/fold_0/pS6_plot
loaded
saved under /home/groups/gbrice/ptb-drugscreen/ot/cellot/results/cross_validation_original1/plots/IL246/CD8Teff/fold_0/pSTAT1_plot
loaded
saved under /home/groups/gbrice/ptb-drugscreen/ot/cellot/results/cross_validation_original1/plots/IL246/CD8Teff/fold_0/pSTAT3_plot
loaded
saved under /home/groups/gbrice/ptb-drugscreen/ot/cellot/results/cross_validation_original1/plots/IL246/CD8Teff/fold_0/pSTAT5_plot
loaded
saved under /home/groups/gbrice/ptb-drugscreen/ot/cellot/results/cross_validation_original1/plots/IL246/CD8Teff/fold_0/pSTAT6_plot
loaded
saved under /home/groups/gbrice/ptb-drugscreen/ot/cellot/results/cross_validation_original1/plots/IL246/CD8Teff/fold_0/pp38_plot
loaded
saved under /home/groups/gbrice/ptb-drugscreen/ot/cellot/results/cross_validation_original1/plots/IL246/CD8Tem/fold_0/CD25_plot
loaded
saved under /home/groups/gbrice/ptb-drugscreen/ot/cellot/results/cross_validation_original1/plots/IL246/CD8Tem/fold_0/HLADR_plot
loaded
saved under /home/groups/gbrice/ptb-drugscreen/ot/cellot/results/cross_validation_original1/plots/IL246/CD8Tem/fold_0/IkB_plot
loaded
saved under /home/groups/gbrice/ptb-drugscreen/ot/cellot/results/cross_validation_original1/plots/IL246/CD8Tem/fold_0/pCREB_plot
loaded
saved under /home/groups/gbrice/ptb-drugscreen/ot/cellot/results/cross_validation_original1/plots/IL246/CD8Tem/fold_0/pERK_plot
loaded
saved under /home/groups/gbrice/ptb-drugscreen/ot/cellot/results/cross_validation_original1/plots/IL246/CD8Tem/fold_0/pMK2_plot
loaded
saved under /home/groups/gbrice/ptb-drugscreen/ot/cellot/results/cross_validation_original1/plots/IL246/CD8Tem/fold_0/pNFkB_plot
loaded
saved under /home/groups/gbrice/ptb-drugscreen/ot/cellot/results/cross_validation_original1/plots/IL246/CD8Tem/fold_0/pS6_plot
loaded
saved under /home/groups/gbrice/ptb-drugscreen/ot/cellot/results/cross_validation_original1/plots/IL246/CD8Tem/fold_0/pSTAT1_plot
loaded
saved under /home/groups/gbrice/ptb-drugscreen/ot/cellot/results/cross_validation_original1/plots/IL246/CD8Tem/fold_0/pSTAT3_plot
loaded
saved under /home/groups/gbrice/ptb-drugscreen/ot/cellot/results/cross_validation_original1/plots/IL246/CD8Tem/fold_0/pSTAT5_plot
loaded
saved under /home/groups/gbrice/ptb-drugscreen/ot/cellot/results/cross_validation_original1/plots/IL246/CD8Tem/fold_0/pSTAT6_plot
loaded
saved under /home/groups/gbrice/ptb-drugscreen/ot/cellot/results/cross_validation_original1/plots/IL246/CD8Tem/fold_0/pp38_plot
loaded
saved under /home/groups/gbrice/ptb-drugscreen/ot/cellot/results/cross_validation_original1/plots/IL246/CD8Tem_CCR2pos/fold_0/CD25_plot
loaded
saved under /home/groups/gbrice/ptb-drugscreen/ot/cellot/results/cross_validation_original1/plots/IL246/CD8Tem_CCR2pos/fold_0/HLADR_plot
loaded
saved under /home/groups/gbrice/ptb-drugscreen/ot/cellot/results/cross_validation_original1/plots/IL246/CD8Tem_CCR2pos/fold_0/IkB_plot
loaded
saved under /home/groups/gbrice/ptb-drugscreen/ot/cellot/results/cross_validation_original1/plots/IL246/CD8Tem_CCR2pos/fold_0/pCREB_plot
loaded
saved under /home/groups/gbrice/ptb-drugscreen/ot/cellot/results/cross_validation_original1/plots/IL246/CD8Tem_CCR2pos/fold_0/pERK_plot
loaded
saved under /home/groups/gbrice/ptb-drugscreen/ot/cellot/results/cross_validation_original1/plots/IL246/CD8Tem_CCR2pos/fold_0/pMK2_plot
loaded
saved under /home/groups/gbrice/ptb-drugscreen/ot/cellot/results/cross_validation_original1/plots/IL246/CD8Tem_CCR2pos/fold_0/pNFkB_plot
loaded
saved under /home/groups/gbrice/ptb-drugscreen/ot/cellot/results/cross_validation_original1/plots/IL246/CD8Tem_CCR2pos/fold_0/pS6_plot
loaded
saved under /home/groups/gbrice/ptb-drugscreen/ot/cellot/results/cross_validation_original1/plots/IL246/CD8Tem_CCR2pos/fold_0/pSTAT1_plot
loaded
saved under /home/groups/gbrice/ptb-drugscreen/ot/cellot/results/cross_validation_original1/plots/IL246/CD8Tem_CCR2pos/fold_0/pSTAT3_plot
loaded
saved under /home/groups/gbrice/ptb-drugscreen/ot/cellot/results/cross_validation_original1/plots/IL246/CD8Tem_CCR2pos/fold_0/pSTAT5_plot
loaded
saved under /home/groups/gbrice/ptb-drugscreen/ot/cellot/results/cross_validation_original1/plots/IL246/CD8Tem_CCR2pos/fold_0/pSTAT6_plot
loaded
saved under /home/groups/gbrice/ptb-drugscreen/ot/cellot/results/cross_validation_original1/plots/IL246/CD8Tem_CCR2pos/fold_0/pp38_plot
loaded
saved under /home/groups/gbrice/ptb-drugscreen/ot/cellot/results/cross_validation_original1/plots/IL246/CD8Tnaive/fold_0/CD25_plot
loaded
saved under /home/groups/gbrice/ptb-drugscreen/ot/cellot/results/cross_validation_original1/plots/IL246/CD8Tnaive/fold_0/HLADR_plot
loaded
saved under /home/groups/gbrice/ptb-drugscreen/ot/cellot/results/cross_validation_original1/plots/IL246/CD8Tnaive/fold_0/IkB_plot
loaded
saved under /home/groups/gbrice/ptb-drugscreen/ot/cellot/results/cross_validation_original1/plots/IL246/CD8Tnaive/fold_0/pCREB_plot
loaded
saved under /home/groups/gbrice/ptb-drugscreen/ot/cellot/results/cross_validation_original1/plots/IL246/CD8Tnaive/fold_0/pERK_plot
loaded
saved under /home/groups/gbrice/ptb-drugscreen/ot/cellot/results/cross_validation_original1/plots/IL246/CD8Tnaive/fold_0/pMK2_plot
loaded
saved under /home/groups/gbrice/ptb-drugscreen/ot/cellot/results/cross_validation_original1/plots/IL246/CD8Tnaive/fold_0/pNFkB_plot
loaded
saved under /home/groups/gbrice/ptb-drugscreen/ot/cellot/results/cross_validation_original1/plots/IL246/CD8Tnaive/fold_0/pS6_plot
loaded
saved under /home/groups/gbrice/ptb-drugscreen/ot/cellot/results/cross_validation_original1/plots/IL246/CD8Tnaive/fold_0/pSTAT1_plot
loaded
saved under /home/groups/gbrice/ptb-drugscreen/ot/cellot/results/cross_validation_original1/plots/IL246/CD8Tnaive/fold_0/pSTAT3_plot
loaded
saved under /home/groups/gbrice/ptb-drugscreen/ot/cellot/results/cross_validation_original1/plots/IL246/CD8Tnaive/fold_0/pSTAT5_plot
loaded
saved under /home/groups/gbrice/ptb-drugscreen/ot/cellot/results/cross_validation_original1/plots/IL246/CD8Tnaive/fold_0/pSTAT6_plot
loaded
saved under /home/groups/gbrice/ptb-drugscreen/ot/cellot/results/cross_validation_original1/plots/IL246/CD8Tnaive/fold_0/pp38_plot
loaded
saved under /home/groups/gbrice/ptb-drugscreen/ot/cellot/results/cross_validation_original1/plots/IL246/Granulocytes/fold_0/CD25_plot
loaded
saved under /home/groups/gbrice/ptb-drugscreen/ot/cellot/results/cross_validation_original1/plots/IL246/Granulocytes/fold_0/HLADR_plot
loaded
saved under /home/groups/gbrice/ptb-drugscreen/ot/cellot/results/cross_validation_original1/plots/IL246/Granulocytes/fold_0/IkB_plot
loaded
saved under /home/groups/gbrice/ptb-drugscreen/ot/cellot/results/cross_validation_original1/plots/IL246/Granulocytes/fold_0/pCREB_plot
loaded
saved under /home/groups/gbrice/ptb-drugscreen/ot/cellot/results/cross_validation_original1/plots/IL246/Granulocytes/fold_0/pERK_plot
loaded
saved under /home/groups/gbrice/ptb-drugscreen/ot/cellot/results/cross_validation_original1/plots/IL246/Granulocytes/fold_0/pMK2_plot
loaded
saved under /home/groups/gbrice/ptb-drugscreen/ot/cellot/results/cross_validation_original1/plots/IL246/Granulocytes/fold_0/pNFkB_plot
loaded
saved under /home/groups/gbrice/ptb-drugscreen/ot/cellot/results/cross_validation_original1/plots/IL246/Granulocytes/fold_0/pS6_plot
loaded
saved under /home/groups/gbrice/ptb-drugscreen/ot/cellot/results/cross_validation_original1/plots/IL246/Granulocytes/fold_0/pSTAT1_plot
loaded
saved under /home/groups/gbrice/ptb-drugscreen/ot/cellot/results/cross_validation_original1/plots/IL246/Granulocytes/fold_0/pSTAT3_plot
loaded
saved under /home/groups/gbrice/ptb-drugscreen/ot/cellot/results/cross_validation_original1/plots/IL246/Granulocytes/fold_0/pSTAT5_plot
loaded
saved under /home/groups/gbrice/ptb-drugscreen/ot/cellot/results/cross_validation_original1/plots/IL246/Granulocytes/fold_0/pSTAT6_plot
loaded
saved under /home/groups/gbrice/ptb-drugscreen/ot/cellot/results/cross_validation_original1/plots/IL246/Granulocytes/fold_0/pp38_plot
loaded
saved under /home/groups/gbrice/ptb-drugscreen/ot/cellot/results/cross_validation_original1/plots/IL246/MDSCs/fold_0/CD25_plot
loaded
saved under /home/groups/gbrice/ptb-drugscreen/ot/cellot/results/cross_validation_original1/plots/IL246/MDSCs/fold_0/HLADR_plot
loaded
saved under /home/groups/gbrice/ptb-drugscreen/ot/cellot/results/cross_validation_original1/plots/IL246/MDSCs/fold_0/IkB_plot
loaded
saved under /home/groups/gbrice/ptb-drugscreen/ot/cellot/results/cross_validation_original1/plots/IL246/MDSCs/fold_0/pCREB_plot
loaded
saved under /home/groups/gbrice/ptb-drugscreen/ot/cellot/results/cross_validation_original1/plots/IL246/MDSCs/fold_0/pERK_plot
loaded
saved under /home/groups/gbrice/ptb-drugscreen/ot/cellot/results/cross_validation_original1/plots/IL246/MDSCs/fold_0/pMK2_plot
loaded
saved under /home/groups/gbrice/ptb-drugscreen/ot/cellot/results/cross_validation_original1/plots/IL246/MDSCs/fold_0/pNFkB_plot
loaded
saved under /home/groups/gbrice/ptb-drugscreen/ot/cellot/results/cross_validation_original1/plots/IL246/MDSCs/fold_0/pS6_plot
loaded
saved under /home/groups/gbrice/ptb-drugscreen/ot/cellot/results/cross_validation_original1/plots/IL246/MDSCs/fold_0/pSTAT1_plot
loaded
saved under /home/groups/gbrice/ptb-drugscreen/ot/cellot/results/cross_validation_original1/plots/IL246/MDSCs/fold_0/pSTAT3_plot
loaded
saved under /home/groups/gbrice/ptb-drugscreen/ot/cellot/results/cross_validation_original1/plots/IL246/MDSCs/fold_0/pSTAT5_plot
loaded
saved under /home/groups/gbrice/ptb-drugscreen/ot/cellot/results/cross_validation_original1/plots/IL246/MDSCs/fold_0/pSTAT6_plot
loaded
saved under /home/groups/gbrice/ptb-drugscreen/ot/cellot/results/cross_validation_original1/plots/IL246/MDSCs/fold_0/pp38_plot
loaded
saved under /home/groups/gbrice/ptb-drugscreen/ot/cellot/results/cross_validation_original1/plots/IL246/NK_cells_CD11cpos/fold_0/CD25_plot
loaded
saved under /home/groups/gbrice/ptb-drugscreen/ot/cellot/results/cross_validation_original1/plots/IL246/NK_cells_CD11cpos/fold_0/HLADR_plot
loaded
saved under /home/groups/gbrice/ptb-drugscreen/ot/cellot/results/cross_validation_original1/plots/IL246/NK_cells_CD11cpos/fold_0/IkB_plot
loaded
saved under /home/groups/gbrice/ptb-drugscreen/ot/cellot/results/cross_validation_original1/plots/IL246/NK_cells_CD11cpos/fold_0/pCREB_plot
loaded
saved under /home/groups/gbrice/ptb-drugscreen/ot/cellot/results/cross_validation_original1/plots/IL246/NK_cells_CD11cpos/fold_0/pERK_plot
loaded
saved under /home/groups/gbrice/ptb-drugscreen/ot/cellot/results/cross_validation_original1/plots/IL246/NK_cells_CD11cpos/fold_0/pMK2_plot
loaded
saved under /home/groups/gbrice/ptb-drugscreen/ot/cellot/results/cross_validation_original1/plots/IL246/NK_cells_CD11cpos/fold_0/pNFkB_plot
loaded
saved under /home/groups/gbrice/ptb-drugscreen/ot/cellot/results/cross_validation_original1/plots/IL246/NK_cells_CD11cpos/fold_0/pS6_plot
loaded
saved under /home/groups/gbrice/ptb-drugscreen/ot/cellot/results/cross_validation_original1/plots/IL246/NK_cells_CD11cpos/fold_0/pSTAT1_plot
loaded
saved under /home/groups/gbrice/ptb-drugscreen/ot/cellot/results/cross_validation_original1/plots/IL246/NK_cells_CD11cpos/fold_0/pSTAT3_plot
loaded
saved under /home/groups/gbrice/ptb-drugscreen/ot/cellot/results/cross_validation_original1/plots/IL246/NK_cells_CD11cpos/fold_0/pSTAT5_plot
loaded
saved under /home/groups/gbrice/ptb-drugscreen/ot/cellot/results/cross_validation_original1/plots/IL246/NK_cells_CD11cpos/fold_0/pSTAT6_plot
loaded
saved under /home/groups/gbrice/ptb-drugscreen/ot/cellot/results/cross_validation_original1/plots/IL246/NK_cells_CD11cpos/fold_0/pp38_plot
loaded
saved under /home/groups/gbrice/ptb-drugscreen/ot/cellot/results/cross_validation_original1/plots/IL246/NK_cells_CD11cneg/fold_0/CD25_plot
loaded
saved under /home/groups/gbrice/ptb-drugscreen/ot/cellot/results/cross_validation_original1/plots/IL246/NK_cells_CD11cneg/fold_0/HLADR_plot
loaded
saved under /home/groups/gbrice/ptb-drugscreen/ot/cellot/results/cross_validation_original1/plots/IL246/NK_cells_CD11cneg/fold_0/IkB_plot
loaded
saved under /home/groups/gbrice/ptb-drugscreen/ot/cellot/results/cross_validation_original1/plots/IL246/NK_cells_CD11cneg/fold_0/pCREB_plot
loaded
saved under /home/groups/gbrice/ptb-drugscreen/ot/cellot/results/cross_validation_original1/plots/IL246/NK_cells_CD11cneg/fold_0/pERK_plot
loaded
saved under /home/groups/gbrice/ptb-drugscreen/ot/cellot/results/cross_validation_original1/plots/IL246/NK_cells_CD11cneg/fold_0/pMK2_plot
loaded
saved under /home/groups/gbrice/ptb-drugscreen/ot/cellot/results/cross_validation_original1/plots/IL246/NK_cells_CD11cneg/fold_0/pNFkB_plot
loaded
saved under /home/groups/gbrice/ptb-drugscreen/ot/cellot/results/cross_validation_original1/plots/IL246/NK_cells_CD11cneg/fold_0/pS6_plot
loaded
saved under /home/groups/gbrice/ptb-drugscreen/ot/cellot/results/cross_validation_original1/plots/IL246/NK_cells_CD11cneg/fold_0/pSTAT1_plot
loaded
saved under /home/groups/gbrice/ptb-drugscreen/ot/cellot/results/cross_validation_original1/plots/IL246/NK_cells_CD11cneg/fold_0/pSTAT3_plot
loaded
saved under /home/groups/gbrice/ptb-drugscreen/ot/cellot/results/cross_validation_original1/plots/IL246/NK_cells_CD11cneg/fold_0/pSTAT5_plot
loaded
saved under /home/groups/gbrice/ptb-drugscreen/ot/cellot/results/cross_validation_original1/plots/IL246/NK_cells_CD11cneg/fold_0/pSTAT6_plot
loaded
saved under /home/groups/gbrice/ptb-drugscreen/ot/cellot/results/cross_validation_original1/plots/IL246/NK_cells_CD11cneg/fold_0/pp38_plot
loaded
saved under /home/groups/gbrice/ptb-drugscreen/ot/cellot/results/cross_validation_original1/plots/IL246/NKT/fold_0/CD25_plot
loaded
saved under /home/groups/gbrice/ptb-drugscreen/ot/cellot/results/cross_validation_original1/plots/IL246/NKT/fold_0/HLADR_plot
loaded
saved under /home/groups/gbrice/ptb-drugscreen/ot/cellot/results/cross_validation_original1/plots/IL246/NKT/fold_0/IkB_plot
loaded
saved under /home/groups/gbrice/ptb-drugscreen/ot/cellot/results/cross_validation_original1/plots/IL246/NKT/fold_0/pCREB_plot
loaded
saved under /home/groups/gbrice/ptb-drugscreen/ot/cellot/results/cross_validation_original1/plots/IL246/NKT/fold_0/pERK_plot
loaded
saved under /home/groups/gbrice/ptb-drugscreen/ot/cellot/results/cross_validation_original1/plots/IL246/NKT/fold_0/pMK2_plot
loaded
saved under /home/groups/gbrice/ptb-drugscreen/ot/cellot/results/cross_validation_original1/plots/IL246/NKT/fold_0/pNFkB_plot
loaded
saved under /home/groups/gbrice/ptb-drugscreen/ot/cellot/results/cross_validation_original1/plots/IL246/NKT/fold_0/pS6_plot
loaded
saved under /home/groups/gbrice/ptb-drugscreen/ot/cellot/results/cross_validation_original1/plots/IL246/NKT/fold_0/pSTAT1_plot
loaded
saved under /home/groups/gbrice/ptb-drugscreen/ot/cellot/results/cross_validation_original1/plots/IL246/NKT/fold_0/pSTAT3_plot
loaded
saved under /home/groups/gbrice/ptb-drugscreen/ot/cellot/results/cross_validation_original1/plots/IL246/NKT/fold_0/pSTAT5_plot
loaded
saved under /home/groups/gbrice/ptb-drugscreen/ot/cellot/results/cross_validation_original1/plots/IL246/NKT/fold_0/pSTAT6_plot
loaded
saved under /home/groups/gbrice/ptb-drugscreen/ot/cellot/results/cross_validation_original1/plots/IL246/NKT/fold_0/pp38_plot
loaded
saved under /home/groups/gbrice/ptb-drugscreen/ot/cellot/results/cross_validation_original1/plots/IL246/cMCs/fold_0/CD25_plot
loaded
saved under /home/groups/gbrice/ptb-drugscreen/ot/cellot/results/cross_validation_original1/plots/IL246/cMCs/fold_0/HLADR_plot
loaded
saved under /home/groups/gbrice/ptb-drugscreen/ot/cellot/results/cross_validation_original1/plots/IL246/cMCs/fold_0/IkB_plot
loaded
saved under /home/groups/gbrice/ptb-drugscreen/ot/cellot/results/cross_validation_original1/plots/IL246/cMCs/fold_0/pCREB_plot
loaded
saved under /home/groups/gbrice/ptb-drugscreen/ot/cellot/results/cross_validation_original1/plots/IL246/cMCs/fold_0/pERK_plot
loaded
saved under /home/groups/gbrice/ptb-drugscreen/ot/cellot/results/cross_validation_original1/plots/IL246/cMCs/fold_0/pMK2_plot
loaded
saved under /home/groups/gbrice/ptb-drugscreen/ot/cellot/results/cross_validation_original1/plots/IL246/cMCs/fold_0/pNFkB_plot
loaded
saved under /home/groups/gbrice/ptb-drugscreen/ot/cellot/results/cross_validation_original1/plots/IL246/cMCs/fold_0/pS6_plot
loaded
saved under /home/groups/gbrice/ptb-drugscreen/ot/cellot/results/cross_validation_original1/plots/IL246/cMCs/fold_0/pSTAT1_plot
loaded
saved under /home/groups/gbrice/ptb-drugscreen/ot/cellot/results/cross_validation_original1/plots/IL246/cMCs/fold_0/pSTAT3_plot
loaded
saved under /home/groups/gbrice/ptb-drugscreen/ot/cellot/results/cross_validation_original1/plots/IL246/cMCs/fold_0/pSTAT5_plot
loaded
saved under /home/groups/gbrice/ptb-drugscreen/ot/cellot/results/cross_validation_original1/plots/IL246/cMCs/fold_0/pSTAT6_plot
loaded
saved under /home/groups/gbrice/ptb-drugscreen/ot/cellot/results/cross_validation_original1/plots/IL246/cMCs/fold_0/pp38_plot
loaded
saved under /home/groups/gbrice/ptb-drugscreen/ot/cellot/results/cross_validation_original1/plots/IL246/intMCs/fold_0/CD25_plot
loaded
saved under /home/groups/gbrice/ptb-drugscreen/ot/cellot/results/cross_validation_original1/plots/IL246/intMCs/fold_0/HLADR_plot
loaded
saved under /home/groups/gbrice/ptb-drugscreen/ot/cellot/results/cross_validation_original1/plots/IL246/intMCs/fold_0/IkB_plot
loaded
saved under /home/groups/gbrice/ptb-drugscreen/ot/cellot/results/cross_validation_original1/plots/IL246/intMCs/fold_0/pCREB_plot
loaded
saved under /home/groups/gbrice/ptb-drugscreen/ot/cellot/results/cross_validation_original1/plots/IL246/intMCs/fold_0/pERK_plot
loaded
saved under /home/groups/gbrice/ptb-drugscreen/ot/cellot/results/cross_validation_original1/plots/IL246/intMCs/fold_0/pMK2_plot
loaded
saved under /home/groups/gbrice/ptb-drugscreen/ot/cellot/results/cross_validation_original1/plots/IL246/intMCs/fold_0/pNFkB_plot
loaded
saved under /home/groups/gbrice/ptb-drugscreen/ot/cellot/results/cross_validation_original1/plots/IL246/intMCs/fold_0/pS6_plot
loaded
saved under /home/groups/gbrice/ptb-drugscreen/ot/cellot/results/cross_validation_original1/plots/IL246/intMCs/fold_0/pSTAT1_plot
loaded
saved under /home/groups/gbrice/ptb-drugscreen/ot/cellot/results/cross_validation_original1/plots/IL246/intMCs/fold_0/pSTAT3_plot
loaded
saved under /home/groups/gbrice/ptb-drugscreen/ot/cellot/results/cross_validation_original1/plots/IL246/intMCs/fold_0/pSTAT5_plot
loaded
saved under /home/groups/gbrice/ptb-drugscreen/ot/cellot/results/cross_validation_original1/plots/IL246/intMCs/fold_0/pSTAT6_plot
loaded
saved under /home/groups/gbrice/ptb-drugscreen/ot/cellot/results/cross_validation_original1/plots/IL246/intMCs/fold_0/pp38_plot
loaded
saved under /home/groups/gbrice/ptb-drugscreen/ot/cellot/results/cross_validation_original1/plots/IL246/mDCs/fold_0/CD25_plot
loaded
saved under /home/groups/gbrice/ptb-drugscreen/ot/cellot/results/cross_validation_original1/plots/IL246/mDCs/fold_0/HLADR_plot
loaded
saved under /home/groups/gbrice/ptb-drugscreen/ot/cellot/results/cross_validation_original1/plots/IL246/mDCs/fold_0/IkB_plot
loaded
saved under /home/groups/gbrice/ptb-drugscreen/ot/cellot/results/cross_validation_original1/plots/IL246/mDCs/fold_0/pCREB_plot
loaded
saved under /home/groups/gbrice/ptb-drugscreen/ot/cellot/results/cross_validation_original1/plots/IL246/mDCs/fold_0/pERK_plot
loaded
saved under /home/groups/gbrice/ptb-drugscreen/ot/cellot/results/cross_validation_original1/plots/IL246/mDCs/fold_0/pMK2_plot
loaded
saved under /home/groups/gbrice/ptb-drugscreen/ot/cellot/results/cross_validation_original1/plots/IL246/mDCs/fold_0/pNFkB_plot
loaded
saved under /home/groups/gbrice/ptb-drugscreen/ot/cellot/results/cross_validation_original1/plots/IL246/mDCs/fold_0/pS6_plot
loaded
saved under /home/groups/gbrice/ptb-drugscreen/ot/cellot/results/cross_validation_original1/plots/IL246/mDCs/fold_0/pSTAT1_plot
loaded
saved under /home/groups/gbrice/ptb-drugscreen/ot/cellot/results/cross_validation_original1/plots/IL246/mDCs/fold_0/pSTAT3_plot
loaded
saved under /home/groups/gbrice/ptb-drugscreen/ot/cellot/results/cross_validation_original1/plots/IL246/mDCs/fold_0/pSTAT5_plot
loaded
saved under /home/groups/gbrice/ptb-drugscreen/ot/cellot/results/cross_validation_original1/plots/IL246/mDCs/fold_0/pSTAT6_plot
loaded
saved under /home/groups/gbrice/ptb-drugscreen/ot/cellot/results/cross_validation_original1/plots/IL246/mDCs/fold_0/pp38_plot
loaded
saved under /home/groups/gbrice/ptb-drugscreen/ot/cellot/results/cross_validation_original1/plots/IL246/ncMCs/fold_0/CD25_plot
loaded
saved under /home/groups/gbrice/ptb-drugscreen/ot/cellot/results/cross_validation_original1/plots/IL246/ncMCs/fold_0/HLADR_plot
loaded
saved under /home/groups/gbrice/ptb-drugscreen/ot/cellot/results/cross_validation_original1/plots/IL246/ncMCs/fold_0/IkB_plot
loaded
saved under /home/groups/gbrice/ptb-drugscreen/ot/cellot/results/cross_validation_original1/plots/IL246/ncMCs/fold_0/pCREB_plot
loaded
saved under /home/groups/gbrice/ptb-drugscreen/ot/cellot/results/cross_validation_original1/plots/IL246/ncMCs/fold_0/pERK_plot
loaded
saved under /home/groups/gbrice/ptb-drugscreen/ot/cellot/results/cross_validation_original1/plots/IL246/ncMCs/fold_0/pMK2_plot
loaded
saved under /home/groups/gbrice/ptb-drugscreen/ot/cellot/results/cross_validation_original1/plots/IL246/ncMCs/fold_0/pNFkB_plot
loaded
saved under /home/groups/gbrice/ptb-drugscreen/ot/cellot/results/cross_validation_original1/plots/IL246/ncMCs/fold_0/pS6_plot
loaded
saved under /home/groups/gbrice/ptb-drugscreen/ot/cellot/results/cross_validation_original1/plots/IL246/ncMCs/fold_0/pSTAT1_plot
loaded
saved under /home/groups/gbrice/ptb-drugscreen/ot/cellot/results/cross_validation_original1/plots/IL246/ncMCs/fold_0/pSTAT3_plot
loaded
saved under /home/groups/gbrice/ptb-drugscreen/ot/cellot/results/cross_validation_original1/plots/IL246/ncMCs/fold_0/pSTAT5_plot
loaded
saved under /home/groups/gbrice/ptb-drugscreen/ot/cellot/results/cross_validation_original1/plots/IL246/ncMCs/fold_0/pSTAT6_plot
loaded
saved under /home/groups/gbrice/ptb-drugscreen/ot/cellot/results/cross_validation_original1/plots/IL246/ncMCs/fold_0/pp38_plot
loaded
saved under /home/groups/gbrice/ptb-drugscreen/ot/cellot/results/cross_validation_original1/plots/IL246/pDCs/fold_0/CD25_plot
loaded
saved under /home/groups/gbrice/ptb-drugscreen/ot/cellot/results/cross_validation_original1/plots/IL246/pDCs/fold_0/HLADR_plot
loaded
saved under /home/groups/gbrice/ptb-drugscreen/ot/cellot/results/cross_validation_original1/plots/IL246/pDCs/fold_0/IkB_plot
loaded
saved under /home/groups/gbrice/ptb-drugscreen/ot/cellot/results/cross_validation_original1/plots/IL246/pDCs/fold_0/pCREB_plot
loaded
saved under /home/groups/gbrice/ptb-drugscreen/ot/cellot/results/cross_validation_original1/plots/IL246/pDCs/fold_0/pERK_plot
loaded
saved under /home/groups/gbrice/ptb-drugscreen/ot/cellot/results/cross_validation_original1/plots/IL246/pDCs/fold_0/pMK2_plot
loaded
saved under /home/groups/gbrice/ptb-drugscreen/ot/cellot/results/cross_validation_original1/plots/IL246/pDCs/fold_0/pNFkB_plot
loaded
saved under /home/groups/gbrice/ptb-drugscreen/ot/cellot/results/cross_validation_original1/plots/IL246/pDCs/fold_0/pS6_plot
loaded
saved under /home/groups/gbrice/ptb-drugscreen/ot/cellot/results/cross_validation_original1/plots/IL246/pDCs/fold_0/pSTAT1_plot
loaded
saved under /home/groups/gbrice/ptb-drugscreen/ot/cellot/results/cross_validation_original1/plots/IL246/pDCs/fold_0/pSTAT3_plot
loaded
saved under /home/groups/gbrice/ptb-drugscreen/ot/cellot/results/cross_validation_original1/plots/IL246/pDCs/fold_0/pSTAT5_plot
loaded
saved under /home/groups/gbrice/ptb-drugscreen/ot/cellot/results/cross_validation_original1/plots/IL246/pDCs/fold_0/pSTAT6_plot
loaded
saved under /home/groups/gbrice/ptb-drugscreen/ot/cellot/results/cross_validation_original1/plots/IL246/pDCs/fold_0/pp38_plot
