[INFO] Starting predictions
[INFO] 176 patients already present in /home/groups/gbrice/ptb-drugscreen/ot/cellot/results/ina_13OG_PRA.csv
[SKIP] Already done patient 99_G1
[SKIP] Already done patient 74_G2
[SKIP] Already done patient 72_G3
[SKIP] Already done patient 1_G3
[SKIP] Already done patient 21_G2
[SKIP] Already done patient 22_G1
[SKIP] Already done patient 2_G1
[SKIP] Already done patient 47_G3
[SKIP] Already done patient 44_G3
[SKIP] Already done patient 6_G2
[SKIP] Already done patient 50_G3
[SKIP] Already done patient 105_G2
[SKIP] Already done patient 86_G1
[SKIP] Already done patient 83_G3
[SKIP] Already done patient 22_G2
[SKIP] Already done patient 67_G2
[SKIP] Already done patient 7_G2
[SKIP] Already done patient 42_G2
[SKIP] Already done patient 25_G1
[SKIP] Already done patient 27_G1
[SKIP] Already done patient 87_G3
[SKIP] Already done patient 1_G1
[SKIP] Already done patient 112_G2
[SKIP] Already done patient 72_G2
[SKIP] Already done patient 27_G3
[SKIP] Already done patient 26_G1
[SKIP] Already done patient 40_G1
[SKIP] Already done patient 15_G2
[SKIP] Already done patient 47_G1
[SKIP] Already done patient 55_G2
[SKIP] Already done patient 19_G2
[SKIP] Already done patient 14_G3
[SKIP] Already done patient 12_G3
[SKIP] Already done patient 24_G3
[SKIP] Already done patient 36_G3
[SKIP] Already done patient 63_G1
[SKIP] Already done patient 42_G1
[SKIP] Already done patient 22_G3
[SKIP] Already done patient 101_G2
[SKIP] Already done patient 24_G2
[SKIP] Already done patient 4_G2
[SKIP] Already done patient 17_G2
[SKIP] Already done patient 105_G1
[SKIP] Already done patient 44_G1
[SKIP] Already done patient 63_G2
[SKIP] Already done patient 32_G3
[SKIP] Already done patient 72_G1
[SKIP] Already done patient 68_G2
[SKIP] Already done patient 75_G1
[SKIP] Already done patient 26_G2
[SKIP] Already done patient 44_G2
[SKIP] Already done patient 15_G3
[SKIP] Already done patient 67_G1
[SKIP] Already done patient 47_G2
[SKIP] Already done patient 40_G2
[SKIP] Already done patient 35_G1
[SKIP] Already done patient 6_G1
[SKIP] Already done patient 15_G1
[SKIP] Already done patient 24_G1
[SKIP] Already done patient 34_G3
[SKIP] Already done patient 74_G1
[SKIP] Already done patient 25_G2
[SKIP] Already done patient 42_G3
[SKIP] Already done patient 14_G2
[SKIP] Already done patient 27_G2
[SKIP] Already done patient 45_G1
[SKIP] Already done patient 63_G3
[SKIP] Already done patient 75_G3
[SKIP] Already done patient 41_G3
[SKIP] Already done patient 28_G3
[SKIP] Already done patient 100_G2
[SKIP] Already done patient 83_G1
[SKIP] Already done patient 41_G2
[SKIP] Already done patient 55_G3
[SKIP] Already done patient 91_G1
[SKIP] Already done patient 51_G3
[SKIP] Already done patient 41_G1
[SKIP] Already done patient 35_G2
[SKIP] Already done patient 33_G1
[SKIP] Already done patient 36_G1
[SKIP] Already done patient 112_G3
[SKIP] Already done patient 35_G3
[SKIP] Already done patient 68_G1
[SKIP] Already done patient 75_G2
[SKIP] Already done patient 16_G2
[SKIP] Already done patient 12_G1
[SKIP] Already done patient 3_G1
[SKIP] Already done patient 51_G1
[SKIP] Already done patient 98_G2
[SKIP] Already done patient 40_G3
[SKIP] Already done patient 101_G1
[SKIP] Already done patient 99_G2
[SKIP] Already done patient 57_G2
[SKIP] Already done patient 32_G2
[SKIP] Already done patient 19_G3
[SKIP] Already done patient 43_G3
[SKIP] Already done patient 52_G1
[SKIP] Already done patient 12_G2
[SKIP] Already done patient 17_G1
[SKIP] Already done patient 8_G1
[SKIP] Already done patient 52_G3
[SKIP] Already done patient 18_G1
[SKIP] Already done patient 4_G1
[SKIP] Already done patient 8_G2
[SKIP] Already done patient 98_G1
[SKIP] Already done patient 68_G3
[SKIP] Already done patient 93_G2
[SKIP] Already done patient 107_G2
[SKIP] Already done patient 93_G3
[SKIP] Already done patient 104_G2
[SKIP] Already done patient 18_G3
[SKIP] Already done patient 112_G1
[SKIP] Already done patient 50_G1
[SKIP] Already done patient 74_G3
[SKIP] Already done patient 91_G2
[SKIP] Already done patient 1_G2
[SKIP] Already done patient 45_G3
[SKIP] Already done patient 28_G2
[SKIP] Already done patient 52_G2
[SKIP] Already done patient 16_G3
[SKIP] Already done patient 91_G3
[SKIP] Already done patient 7_G1
[SKIP] Already done patient 5_G1
[SKIP] Already done patient 34_G2
[SKIP] Already done patient 5_G2
[SKIP] Already done patient 26_G3
[SKIP] Already done patient 100_G3
[SKIP] Already done patient 6_G3
[SKIP] Already done patient 57_G3
[SKIP] Already done patient 21_G3
[SKIP] Already done patient 57_G1
[SKIP] Already done patient 3_G2
[SKIP] Already done patient 45_G2
[SKIP] Already done patient 61_G2
[SKIP] Already done patient 83_G2
[SKIP] Already done patient 2_G3
[SKIP] Already done patient 105_G3
[SKIP] Already done patient 16_G1
[SKIP] Already done patient 98_G3
[SKIP] Already done patient 65_G2
[SKIP] Already done patient 65_G1
[SKIP] Already done patient 18_G2
[SKIP] Already done patient 50_G2
[SKIP] Already done patient 34_G1
[SKIP] Already done patient 73_G1
[SKIP] Already done patient 101_G3
[SKIP] Already done patient 3_G3
[SKIP] Already done patient 43_G2
[SKIP] Already done patient 104_G1
[SKIP] Already done patient 56_G3
[SKIP] Already done patient 93_G1
[SKIP] Already done patient 87_G2
[SKIP] Already done patient 4_G3
[SKIP] Already done patient 61_G1
[SKIP] Already done patient 32_G1
[SKIP] Already done patient 36_G2
[SKIP] Already done patient 56_G1
[SKIP] Already done patient 33_G2
[SKIP] Already done patient 8_G3
[SKIP] Already done patient 5_G3
[SKIP] Already done patient 21_G1
[SKIP] Already done patient 87_G1
[SKIP] Already done patient 54_G1
[SKIP] Already done patient 99_G3
[SKIP] Already done patient 43_G1
[SKIP] Already done patient 28_G1
[SKIP] Already done patient 100_G1
[SKIP] Already done patient 25_G3
[SKIP] Already done patient 107_G1
[SKIP] Already done patient 19_G1
[SKIP] Already done patient 55_G1
[SKIP] Already done patient 33_G3
[SKIP] Already done patient 51_G2
[SKIP] Already done patient 86_G2
[SKIP] Already done patient 56_G2
[SKIP] Already done patient 2_G2
The categories of the anndata before the source, target split is: stim ['GMCSF'], drugs ['DMSO'], cells ['CD4Tcm'], with a shape of (5375, 13)
[INFO] Done for GMCSF, CD4Tcm, 14_G1
The categories of the anndata before the source, target split is: stim ['GMCSF'], drugs ['DMSO'], cells ['CD4Tnaive'], with a shape of (2451, 13)
[INFO] Done for GMCSF, CD4Tnaive, 14_G1
The categories of the anndata before the source, target split is: stim ['GMCSF'], drugs ['DMSO'], cells ['Granulocytes'], with a shape of (354320, 13)
[INFO] Done for GMCSF, Granulocytes, 14_G1
The categories of the anndata before the source, target split is: stim ['GMCSF'], drugs ['DMSO'], cells ['MDSCs'], with a shape of (422, 13)
[INFO] Done for GMCSF, MDSCs, 14_G1
The categories of the anndata before the source, target split is: stim ['GMCSF'], drugs ['DMSO'], cells ['cMCs'], with a shape of (16815, 13)
[INFO] Done for GMCSF, cMCs, 14_G1
The categories of the anndata before the source, target split is: stim ['GMCSF'], drugs ['DMSO'], cells ['intMCs'], with a shape of (1329, 13)
[INFO] Done for GMCSF, intMCs, 14_G1
The categories of the anndata before the source, target split is: stim ['GMCSF'], drugs ['DMSO'], cells ['mDCs'], with a shape of (921, 13)
[INFO] Done for GMCSF, mDCs, 14_G1
The categories of the anndata before the source, target split is: stim ['GMCSF'], drugs ['DMSO'], cells ['ncMCs'], with a shape of (1559, 13)
[INFO] Done for GMCSF, ncMCs, 14_G1
The categories of the anndata before the source, target split is: stim ['GMCSF'], drugs ['DMSO'], cells ['pDCs'], with a shape of (93, 13)
[INFO] Done for GMCSF, pDCs, 14_G1
The categories of the anndata before the source, target split is: stim ['IFNa'], drugs ['DMSO'], cells ['Bcells'], with a shape of (2528, 13)
[INFO] Done for IFNa, Bcells, 14_G1
The categories of the anndata before the source, target split is: stim ['IFNa'], drugs ['DMSO'], cells ['CD4Tcm'], with a shape of (5375, 13)
[INFO] Done for IFNa, CD4Tcm, 14_G1
The categories of the anndata before the source, target split is: stim ['IFNa'], drugs ['DMSO'], cells ['CD4Tcm_CCR2pos'], with a shape of (1683, 13)
[INFO] Done for IFNa, CD4Tcm_CCR2pos, 14_G1
The categories of the anndata before the source, target split is: stim ['IFNa'], drugs ['DMSO'], cells ['CD4Teff'], with a shape of (354, 13)
[INFO] Done for IFNa, CD4Teff, 14_G1
The categories of the anndata before the source, target split is: stim ['IFNa'], drugs ['DMSO'], cells ['CD4Tem'], with a shape of (3810, 13)
[INFO] Done for IFNa, CD4Tem, 14_G1
The categories of the anndata before the source, target split is: stim ['IFNa'], drugs ['DMSO'], cells ['CD4Tem_CCR2pos'], with a shape of (1801, 13)
[INFO] Done for IFNa, CD4Tem_CCR2pos, 14_G1
The categories of the anndata before the source, target split is: stim ['IFNa'], drugs ['DMSO'], cells ['CD4Tnaive'], with a shape of (2451, 13)
[INFO] Done for IFNa, CD4Tnaive, 14_G1
The categories of the anndata before the source, target split is: stim ['IFNa'], drugs ['DMSO'], cells ['CD4Tregs'], with a shape of (343, 13)
[INFO] Done for IFNa, CD4Tregs, 14_G1
The categories of the anndata before the source, target split is: stim ['IFNa'], drugs ['DMSO'], cells ['CD4negCD8negTcells'], with a shape of (1004, 13)
[INFO] Done for IFNa, CD4negCD8negTcells, 14_G1
The categories of the anndata before the source, target split is: stim ['IFNa'], drugs ['DMSO'], cells ['CD56hiCD16negNK'], with a shape of (143, 13)
[INFO] Done for IFNa, CD56hiCD16negNK, 14_G1
The categories of the anndata before the source, target split is: stim ['IFNa'], drugs ['DMSO'], cells ['CD56loCD16posNK'], with a shape of (3301, 13)
[INFO] Done for IFNa, CD56loCD16posNK, 14_G1
The categories of the anndata before the source, target split is: stim ['IFNa'], drugs ['DMSO'], cells ['CD8Tcells_Th1'], with a shape of (43, 13)
[INFO] Done for IFNa, CD8Tcells_Th1, 14_G1
The categories of the anndata before the source, target split is: stim ['IFNa'], drugs ['DMSO'], cells ['CD8Tcm'], with a shape of (516, 13)
[INFO] Done for IFNa, CD8Tcm, 14_G1
The categories of the anndata before the source, target split is: stim ['IFNa'], drugs ['DMSO'], cells ['CD8Tcm_CCR2pos'], with a shape of (95, 13)
[INFO] Done for IFNa, CD8Tcm_CCR2pos, 14_G1
The categories of the anndata before the source, target split is: stim ['IFNa'], drugs ['DMSO'], cells ['CD8Teff'], with a shape of (724, 13)
[INFO] Done for IFNa, CD8Teff, 14_G1
The categories of the anndata before the source, target split is: stim ['IFNa'], drugs ['DMSO'], cells ['CD8Tem'], with a shape of (986, 13)
[INFO] Done for IFNa, CD8Tem, 14_G1
The categories of the anndata before the source, target split is: stim ['IFNa'], drugs ['DMSO'], cells ['CD8Tem_CCR2pos'], with a shape of (229, 13)
[INFO] Done for IFNa, CD8Tem_CCR2pos, 14_G1
The categories of the anndata before the source, target split is: stim ['IFNa'], drugs ['DMSO'], cells ['CD8Tnaive'], with a shape of (1910, 13)
[INFO] Done for IFNa, CD8Tnaive, 14_G1
The categories of the anndata before the source, target split is: stim ['IFNa'], drugs ['DMSO'], cells ['Granulocytes'], with a shape of (354320, 13)
[INFO] Done for IFNa, Granulocytes, 14_G1
The categories of the anndata before the source, target split is: stim ['IFNa'], drugs ['DMSO'], cells ['MDSCs'], with a shape of (422, 13)
[INFO] Done for IFNa, MDSCs, 14_G1
The categories of the anndata before the source, target split is: stim ['IFNa'], drugs ['DMSO'], cells ['NK_cells_CD11cpos'], with a shape of (2348, 13)
[INFO] Done for IFNa, NK_cells_CD11cpos, 14_G1
The categories of the anndata before the source, target split is: stim ['IFNa'], drugs ['DMSO'], cells ['NK_cells_CD11cneg'], with a shape of (1335, 13)
[INFO] Done for IFNa, NK_cells_CD11cneg, 14_G1
The categories of the anndata before the source, target split is: stim ['IFNa'], drugs ['DMSO'], cells ['NKT'], with a shape of (200, 13)
[INFO] Done for IFNa, NKT, 14_G1
The categories of the anndata before the source, target split is: stim ['IFNa'], drugs ['DMSO'], cells ['cMCs'], with a shape of (16815, 13)
[INFO] Done for IFNa, cMCs, 14_G1
The categories of the anndata before the source, target split is: stim ['IFNa'], drugs ['DMSO'], cells ['intMCs'], with a shape of (1329, 13)
[INFO] Done for IFNa, intMCs, 14_G1
The categories of the anndata before the source, target split is: stim ['IFNa'], drugs ['DMSO'], cells ['mDCs'], with a shape of (921, 13)
[INFO] Done for IFNa, mDCs, 14_G1
The categories of the anndata before the source, target split is: stim ['IFNa'], drugs ['DMSO'], cells ['ncMCs'], with a shape of (1559, 13)
[INFO] Done for IFNa, ncMCs, 14_G1
The categories of the anndata before the source, target split is: stim ['IFNa'], drugs ['DMSO'], cells ['pDCs'], with a shape of (93, 13)
[INFO] Done for IFNa, pDCs, 14_G1
The categories of the anndata before the source, target split is: stim ['IL246'], drugs ['DMSO'], cells ['Bcells'], with a shape of (2528, 13)
[INFO] Done for IL246, Bcells, 14_G1
The categories of the anndata before the source, target split is: stim ['IL246'], drugs ['DMSO'], cells ['CD4Tcm'], with a shape of (5375, 13)
[INFO] Done for IL246, CD4Tcm, 14_G1
The categories of the anndata before the source, target split is: stim ['IL246'], drugs ['DMSO'], cells ['CD4Tcm_CCR2pos'], with a shape of (1683, 13)
[INFO] Done for IL246, CD4Tcm_CCR2pos, 14_G1
The categories of the anndata before the source, target split is: stim ['IL246'], drugs ['DMSO'], cells ['CD4Teff'], with a shape of (354, 13)
[INFO] Done for IL246, CD4Teff, 14_G1
The categories of the anndata before the source, target split is: stim ['IL246'], drugs ['DMSO'], cells ['CD4Tem'], with a shape of (3810, 13)
[INFO] Done for IL246, CD4Tem, 14_G1
The categories of the anndata before the source, target split is: stim ['IL246'], drugs ['DMSO'], cells ['CD4Tem_CCR2pos'], with a shape of (1801, 13)
[INFO] Done for IL246, CD4Tem_CCR2pos, 14_G1
The categories of the anndata before the source, target split is: stim ['IL246'], drugs ['DMSO'], cells ['CD4Tnaive'], with a shape of (2451, 13)
[INFO] Done for IL246, CD4Tnaive, 14_G1
The categories of the anndata before the source, target split is: stim ['IL246'], drugs ['DMSO'], cells ['CD4Tregs'], with a shape of (343, 13)
[INFO] Done for IL246, CD4Tregs, 14_G1
The categories of the anndata before the source, target split is: stim ['IL246'], drugs ['DMSO'], cells ['CD4negCD8negTcells'], with a shape of (1004, 13)
[INFO] Done for IL246, CD4negCD8negTcells, 14_G1
The categories of the anndata before the source, target split is: stim ['IL246'], drugs ['DMSO'], cells ['CD56hiCD16negNK'], with a shape of (143, 13)
[INFO] Done for IL246, CD56hiCD16negNK, 14_G1
The categories of the anndata before the source, target split is: stim ['IL246'], drugs ['DMSO'], cells ['CD56loCD16posNK'], with a shape of (3301, 13)
[INFO] Done for IL246, CD56loCD16posNK, 14_G1
The categories of the anndata before the source, target split is: stim ['IL246'], drugs ['DMSO'], cells ['CD8Tcells_Th1'], with a shape of (43, 13)
[INFO] Done for IL246, CD8Tcells_Th1, 14_G1
The categories of the anndata before the source, target split is: stim ['IL246'], drugs ['DMSO'], cells ['CD8Tcm'], with a shape of (516, 13)
[INFO] Done for IL246, CD8Tcm, 14_G1
The categories of the anndata before the source, target split is: stim ['IL246'], drugs ['DMSO'], cells ['CD8Tcm_CCR2pos'], with a shape of (95, 13)
[INFO] Done for IL246, CD8Tcm_CCR2pos, 14_G1
The categories of the anndata before the source, target split is: stim ['IL246'], drugs ['DMSO'], cells ['CD8Teff'], with a shape of (724, 13)
[INFO] Done for IL246, CD8Teff, 14_G1
The categories of the anndata before the source, target split is: stim ['IL246'], drugs ['DMSO'], cells ['CD8Tem'], with a shape of (986, 13)
[INFO] Done for IL246, CD8Tem, 14_G1
The categories of the anndata before the source, target split is: stim ['IL246'], drugs ['DMSO'], cells ['CD8Tem_CCR2pos'], with a shape of (229, 13)
[INFO] Done for IL246, CD8Tem_CCR2pos, 14_G1
The categories of the anndata before the source, target split is: stim ['IL246'], drugs ['DMSO'], cells ['CD8Tnaive'], with a shape of (1910, 13)
[INFO] Done for IL246, CD8Tnaive, 14_G1
The categories of the anndata before the source, target split is: stim ['IL246'], drugs ['DMSO'], cells ['Granulocytes'], with a shape of (354320, 13)
[INFO] Done for IL246, Granulocytes, 14_G1
The categories of the anndata before the source, target split is: stim ['IL246'], drugs ['DMSO'], cells ['MDSCs'], with a shape of (422, 13)
[INFO] Done for IL246, MDSCs, 14_G1
The categories of the anndata before the source, target split is: stim ['IL246'], drugs ['DMSO'], cells ['NK_cells_CD11cpos'], with a shape of (2348, 13)
[INFO] Done for IL246, NK_cells_CD11cpos, 14_G1
The categories of the anndata before the source, target split is: stim ['IL246'], drugs ['DMSO'], cells ['NK_cells_CD11cneg'], with a shape of (1335, 13)
[INFO] Done for IL246, NK_cells_CD11cneg, 14_G1
The categories of the anndata before the source, target split is: stim ['IL246'], drugs ['DMSO'], cells ['NKT'], with a shape of (200, 13)
[INFO] Done for IL246, NKT, 14_G1
The categories of the anndata before the source, target split is: stim ['IL246'], drugs ['DMSO'], cells ['cMCs'], with a shape of (16815, 13)
[INFO] Done for IL246, cMCs, 14_G1
The categories of the anndata before the source, target split is: stim ['IL246'], drugs ['DMSO'], cells ['intMCs'], with a shape of (1329, 13)
[INFO] Done for IL246, intMCs, 14_G1
The categories of the anndata before the source, target split is: stim ['IL246'], drugs ['DMSO'], cells ['mDCs'], with a shape of (921, 13)
[INFO] Done for IL246, mDCs, 14_G1
The categories of the anndata before the source, target split is: stim ['IL246'], drugs ['DMSO'], cells ['ncMCs'], with a shape of (1559, 13)
[INFO] Done for IL246, ncMCs, 14_G1
The categories of the anndata before the source, target split is: stim ['IL246'], drugs ['DMSO'], cells ['pDCs'], with a shape of (93, 13)
[INFO] Done for IL246, pDCs, 14_G1
The categories of the anndata before the source, target split is: stim ['IL33'], drugs ['DMSO'], cells ['Bcells'], with a shape of (2528, 13)
[INFO] Done for IL33, Bcells, 14_G1
The categories of the anndata before the source, target split is: stim ['IL33'], drugs ['DMSO'], cells ['CD4Tcm'], with a shape of (5375, 13)
[INFO] Done for IL33, CD4Tcm, 14_G1
The categories of the anndata before the source, target split is: stim ['IL33'], drugs ['DMSO'], cells ['CD4Tcm_CCR2pos'], with a shape of (1683, 13)
[INFO] Done for IL33, CD4Tcm_CCR2pos, 14_G1
The categories of the anndata before the source, target split is: stim ['IL33'], drugs ['DMSO'], cells ['CD4Teff'], with a shape of (354, 13)
[INFO] Done for IL33, CD4Teff, 14_G1
The categories of the anndata before the source, target split is: stim ['IL33'], drugs ['DMSO'], cells ['CD4Tem'], with a shape of (3810, 13)
[INFO] Done for IL33, CD4Tem, 14_G1
The categories of the anndata before the source, target split is: stim ['IL33'], drugs ['DMSO'], cells ['CD4Tem_CCR2pos'], with a shape of (1801, 13)
[INFO] Done for IL33, CD4Tem_CCR2pos, 14_G1
The categories of the anndata before the source, target split is: stim ['IL33'], drugs ['DMSO'], cells ['CD4Tnaive'], with a shape of (2451, 13)
[INFO] Done for IL33, CD4Tnaive, 14_G1
The categories of the anndata before the source, target split is: stim ['IL33'], drugs ['DMSO'], cells ['CD4Tregs'], with a shape of (343, 13)
[INFO] Done for IL33, CD4Tregs, 14_G1
The categories of the anndata before the source, target split is: stim ['IL33'], drugs ['DMSO'], cells ['CD4negCD8negTcells'], with a shape of (1004, 13)
[INFO] Done for IL33, CD4negCD8negTcells, 14_G1
The categories of the anndata before the source, target split is: stim ['IL33'], drugs ['DMSO'], cells ['CD56hiCD16negNK'], with a shape of (143, 13)
[INFO] Done for IL33, CD56hiCD16negNK, 14_G1
The categories of the anndata before the source, target split is: stim ['IL33'], drugs ['DMSO'], cells ['CD56loCD16posNK'], with a shape of (3301, 13)
[INFO] Done for IL33, CD56loCD16posNK, 14_G1
The categories of the anndata before the source, target split is: stim ['IL33'], drugs ['DMSO'], cells ['CD8Tcells_Th1'], with a shape of (43, 13)
[INFO] Done for IL33, CD8Tcells_Th1, 14_G1
The categories of the anndata before the source, target split is: stim ['IL33'], drugs ['DMSO'], cells ['CD8Tcm'], with a shape of (516, 13)
[INFO] Done for IL33, CD8Tcm, 14_G1
The categories of the anndata before the source, target split is: stim ['IL33'], drugs ['DMSO'], cells ['CD8Tcm_CCR2pos'], with a shape of (95, 13)
[INFO] Done for IL33, CD8Tcm_CCR2pos, 14_G1
The categories of the anndata before the source, target split is: stim ['IL33'], drugs ['DMSO'], cells ['CD8Teff'], with a shape of (724, 13)
[INFO] Done for IL33, CD8Teff, 14_G1
The categories of the anndata before the source, target split is: stim ['IL33'], drugs ['DMSO'], cells ['CD8Tem'], with a shape of (986, 13)
[INFO] Done for IL33, CD8Tem, 14_G1
The categories of the anndata before the source, target split is: stim ['IL33'], drugs ['DMSO'], cells ['CD8Tem_CCR2pos'], with a shape of (229, 13)
[INFO] Done for IL33, CD8Tem_CCR2pos, 14_G1
The categories of the anndata before the source, target split is: stim ['IL33'], drugs ['DMSO'], cells ['CD8Tnaive'], with a shape of (1910, 13)
[INFO] Done for IL33, CD8Tnaive, 14_G1
The categories of the anndata before the source, target split is: stim ['IL33'], drugs ['DMSO'], cells ['Granulocytes'], with a shape of (354320, 13)
[INFO] Done for IL33, Granulocytes, 14_G1
The categories of the anndata before the source, target split is: stim ['IL33'], drugs ['DMSO'], cells ['MDSCs'], with a shape of (422, 13)
[INFO] Done for IL33, MDSCs, 14_G1
The categories of the anndata before the source, target split is: stim ['IL33'], drugs ['DMSO'], cells ['NK_cells_CD11cpos'], with a shape of (2348, 13)
[INFO] Done for IL33, NK_cells_CD11cpos, 14_G1
The categories of the anndata before the source, target split is: stim ['IL33'], drugs ['DMSO'], cells ['NK_cells_CD11cneg'], with a shape of (1335, 13)
[INFO] Done for IL33, NK_cells_CD11cneg, 14_G1
The categories of the anndata before the source, target split is: stim ['IL33'], drugs ['DMSO'], cells ['NKT'], with a shape of (200, 13)
[INFO] Done for IL33, NKT, 14_G1
The categories of the anndata before the source, target split is: stim ['IL33'], drugs ['DMSO'], cells ['cMCs'], with a shape of (16815, 13)
[INFO] Done for IL33, cMCs, 14_G1
The categories of the anndata before the source, target split is: stim ['IL33'], drugs ['DMSO'], cells ['intMCs'], with a shape of (1329, 13)
[INFO] Done for IL33, intMCs, 14_G1
The categories of the anndata before the source, target split is: stim ['IL33'], drugs ['DMSO'], cells ['mDCs'], with a shape of (921, 13)
[INFO] Done for IL33, mDCs, 14_G1
The categories of the anndata before the source, target split is: stim ['IL33'], drugs ['DMSO'], cells ['ncMCs'], with a shape of (1559, 13)
[INFO] Done for IL33, ncMCs, 14_G1
The categories of the anndata before the source, target split is: stim ['IL33'], drugs ['DMSO'], cells ['pDCs'], with a shape of (93, 13)
[INFO] Done for IL33, pDCs, 14_G1
The categories of the anndata before the source, target split is: stim ['LPS'], drugs ['DMSO'], cells ['Bcells'], with a shape of (2528, 13)
[INFO] Done for LPS, Bcells, 14_G1
The categories of the anndata before the source, target split is: stim ['LPS'], drugs ['DMSO'], cells ['CD4Tcm'], with a shape of (5375, 13)
[INFO] Done for LPS, CD4Tcm, 14_G1
The categories of the anndata before the source, target split is: stim ['LPS'], drugs ['DMSO'], cells ['CD4Tcm_CCR2pos'], with a shape of (1683, 13)
[INFO] Done for LPS, CD4Tcm_CCR2pos, 14_G1
The categories of the anndata before the source, target split is: stim ['LPS'], drugs ['DMSO'], cells ['CD4Teff'], with a shape of (354, 13)
[INFO] Done for LPS, CD4Teff, 14_G1
The categories of the anndata before the source, target split is: stim ['LPS'], drugs ['DMSO'], cells ['CD4Tem'], with a shape of (3810, 13)
[INFO] Done for LPS, CD4Tem, 14_G1
The categories of the anndata before the source, target split is: stim ['LPS'], drugs ['DMSO'], cells ['CD4Tem_CCR2pos'], with a shape of (1801, 13)
[INFO] Done for LPS, CD4Tem_CCR2pos, 14_G1
The categories of the anndata before the source, target split is: stim ['LPS'], drugs ['DMSO'], cells ['CD4Tnaive'], with a shape of (2451, 13)
[INFO] Done for LPS, CD4Tnaive, 14_G1
The categories of the anndata before the source, target split is: stim ['LPS'], drugs ['DMSO'], cells ['CD4Tregs'], with a shape of (343, 13)
[INFO] Done for LPS, CD4Tregs, 14_G1
The categories of the anndata before the source, target split is: stim ['LPS'], drugs ['DMSO'], cells ['CD4negCD8negTcells'], with a shape of (1004, 13)
[INFO] Done for LPS, CD4negCD8negTcells, 14_G1
The categories of the anndata before the source, target split is: stim ['LPS'], drugs ['DMSO'], cells ['CD56hiCD16negNK'], with a shape of (143, 13)
[INFO] Done for LPS, CD56hiCD16negNK, 14_G1
The categories of the anndata before the source, target split is: stim ['LPS'], drugs ['DMSO'], cells ['CD56loCD16posNK'], with a shape of (3301, 13)
[INFO] Done for LPS, CD56loCD16posNK, 14_G1
The categories of the anndata before the source, target split is: stim ['LPS'], drugs ['DMSO'], cells ['CD8Tcells_Th1'], with a shape of (43, 13)
[INFO] Done for LPS, CD8Tcells_Th1, 14_G1
The categories of the anndata before the source, target split is: stim ['LPS'], drugs ['DMSO'], cells ['CD8Tcm'], with a shape of (516, 13)
[INFO] Done for LPS, CD8Tcm, 14_G1
The categories of the anndata before the source, target split is: stim ['LPS'], drugs ['DMSO'], cells ['CD8Tcm_CCR2pos'], with a shape of (95, 13)
[INFO] Done for LPS, CD8Tcm_CCR2pos, 14_G1
The categories of the anndata before the source, target split is: stim ['LPS'], drugs ['DMSO'], cells ['CD8Teff'], with a shape of (724, 13)
[INFO] Done for LPS, CD8Teff, 14_G1
The categories of the anndata before the source, target split is: stim ['LPS'], drugs ['DMSO'], cells ['CD8Tem'], with a shape of (986, 13)
[INFO] Done for LPS, CD8Tem, 14_G1
The categories of the anndata before the source, target split is: stim ['LPS'], drugs ['DMSO'], cells ['CD8Tem_CCR2pos'], with a shape of (229, 13)
[INFO] Done for LPS, CD8Tem_CCR2pos, 14_G1
The categories of the anndata before the source, target split is: stim ['LPS'], drugs ['DMSO'], cells ['CD8Tnaive'], with a shape of (1910, 13)
[INFO] Done for LPS, CD8Tnaive, 14_G1
The categories of the anndata before the source, target split is: stim ['LPS'], drugs ['DMSO'], cells ['Granulocytes'], with a shape of (354320, 13)
[INFO] Done for LPS, Granulocytes, 14_G1
The categories of the anndata before the source, target split is: stim ['LPS'], drugs ['DMSO'], cells ['MDSCs'], with a shape of (422, 13)
[INFO] Done for LPS, MDSCs, 14_G1
The categories of the anndata before the source, target split is: stim ['LPS'], drugs ['DMSO'], cells ['NK_cells_CD11cpos'], with a shape of (2348, 13)
[INFO] Done for LPS, NK_cells_CD11cpos, 14_G1
The categories of the anndata before the source, target split is: stim ['LPS'], drugs ['DMSO'], cells ['NK_cells_CD11cneg'], with a shape of (1335, 13)
[INFO] Done for LPS, NK_cells_CD11cneg, 14_G1
The categories of the anndata before the source, target split is: stim ['LPS'], drugs ['DMSO'], cells ['NKT'], with a shape of (200, 13)
[INFO] Done for LPS, NKT, 14_G1
The categories of the anndata before the source, target split is: stim ['LPS'], drugs ['DMSO'], cells ['cMCs'], with a shape of (16815, 13)
[INFO] Done for LPS, cMCs, 14_G1
The categories of the anndata before the source, target split is: stim ['LPS'], drugs ['DMSO'], cells ['intMCs'], with a shape of (1329, 13)
[INFO] Done for LPS, intMCs, 14_G1
The categories of the anndata before the source, target split is: stim ['LPS'], drugs ['DMSO'], cells ['mDCs'], with a shape of (921, 13)
[INFO] Done for LPS, mDCs, 14_G1
The categories of the anndata before the source, target split is: stim ['LPS'], drugs ['DMSO'], cells ['ncMCs'], with a shape of (1559, 13)
[INFO] Done for LPS, ncMCs, 14_G1
The categories of the anndata before the source, target split is: stim ['LPS'], drugs ['DMSO'], cells ['pDCs'], with a shape of (93, 13)
[INFO] Done for LPS, pDCs, 14_G1
The categories of the anndata before the source, target split is: stim ['PI'], drugs ['DMSO'], cells ['Bcells'], with a shape of (2528, 13)
[INFO] Done for PI, Bcells, 14_G1
The categories of the anndata before the source, target split is: stim ['PI'], drugs ['DMSO'], cells ['CD4Tcm'], with a shape of (5375, 13)
[INFO] Done for PI, CD4Tcm, 14_G1
The categories of the anndata before the source, target split is: stim ['PI'], drugs ['DMSO'], cells ['CD4Tcm_CCR2pos'], with a shape of (1683, 13)
[INFO] Done for PI, CD4Tcm_CCR2pos, 14_G1
The categories of the anndata before the source, target split is: stim ['PI'], drugs ['DMSO'], cells ['CD4Teff'], with a shape of (354, 13)
[INFO] Done for PI, CD4Teff, 14_G1
The categories of the anndata before the source, target split is: stim ['PI'], drugs ['DMSO'], cells ['CD4Tem'], with a shape of (3810, 13)
[INFO] Done for PI, CD4Tem, 14_G1
The categories of the anndata before the source, target split is: stim ['PI'], drugs ['DMSO'], cells ['CD4Tem_CCR2pos'], with a shape of (1801, 13)
[INFO] Done for PI, CD4Tem_CCR2pos, 14_G1
The categories of the anndata before the source, target split is: stim ['PI'], drugs ['DMSO'], cells ['CD4Tnaive'], with a shape of (2451, 13)
[INFO] Done for PI, CD4Tnaive, 14_G1
The categories of the anndata before the source, target split is: stim ['PI'], drugs ['DMSO'], cells ['CD4Tregs'], with a shape of (343, 13)
[INFO] Done for PI, CD4Tregs, 14_G1
The categories of the anndata before the source, target split is: stim ['PI'], drugs ['DMSO'], cells ['CD4negCD8negTcells'], with a shape of (1004, 13)
[INFO] Done for PI, CD4negCD8negTcells, 14_G1
The categories of the anndata before the source, target split is: stim ['PI'], drugs ['DMSO'], cells ['CD56hiCD16negNK'], with a shape of (143, 13)
[INFO] Done for PI, CD56hiCD16negNK, 14_G1
The categories of the anndata before the source, target split is: stim ['PI'], drugs ['DMSO'], cells ['CD56loCD16posNK'], with a shape of (3301, 13)
[INFO] Done for PI, CD56loCD16posNK, 14_G1
The categories of the anndata before the source, target split is: stim ['PI'], drugs ['DMSO'], cells ['CD8Tcells_Th1'], with a shape of (43, 13)
[INFO] Done for PI, CD8Tcells_Th1, 14_G1
The categories of the anndata before the source, target split is: stim ['PI'], drugs ['DMSO'], cells ['CD8Tcm'], with a shape of (516, 13)
[INFO] Done for PI, CD8Tcm, 14_G1
The categories of the anndata before the source, target split is: stim ['PI'], drugs ['DMSO'], cells ['CD8Tcm_CCR2pos'], with a shape of (95, 13)
[INFO] Done for PI, CD8Tcm_CCR2pos, 14_G1
The categories of the anndata before the source, target split is: stim ['PI'], drugs ['DMSO'], cells ['CD8Teff'], with a shape of (724, 13)
[INFO] Done for PI, CD8Teff, 14_G1
The categories of the anndata before the source, target split is: stim ['PI'], drugs ['DMSO'], cells ['CD8Tem'], with a shape of (986, 13)
[INFO] Done for PI, CD8Tem, 14_G1
The categories of the anndata before the source, target split is: stim ['PI'], drugs ['DMSO'], cells ['CD8Tem_CCR2pos'], with a shape of (229, 13)
[INFO] Done for PI, CD8Tem_CCR2pos, 14_G1
The categories of the anndata before the source, target split is: stim ['PI'], drugs ['DMSO'], cells ['CD8Tnaive'], with a shape of (1910, 13)
[INFO] Done for PI, CD8Tnaive, 14_G1
The categories of the anndata before the source, target split is: stim ['PI'], drugs ['DMSO'], cells ['Granulocytes'], with a shape of (354320, 13)
[INFO] Done for PI, Granulocytes, 14_G1
The categories of the anndata before the source, target split is: stim ['PI'], drugs ['DMSO'], cells ['MDSCs'], with a shape of (422, 13)
[INFO] Done for PI, MDSCs, 14_G1
The categories of the anndata before the source, target split is: stim ['PI'], drugs ['DMSO'], cells ['NK_cells_CD11cpos'], with a shape of (2348, 13)
[INFO] Done for PI, NK_cells_CD11cpos, 14_G1
The categories of the anndata before the source, target split is: stim ['PI'], drugs ['DMSO'], cells ['NK_cells_CD11cneg'], with a shape of (1335, 13)
[INFO] Done for PI, NK_cells_CD11cneg, 14_G1
The categories of the anndata before the source, target split is: stim ['PI'], drugs ['DMSO'], cells ['NKT'], with a shape of (200, 13)
[INFO] Done for PI, NKT, 14_G1
The categories of the anndata before the source, target split is: stim ['PI'], drugs ['DMSO'], cells ['cMCs'], with a shape of (16815, 13)
[INFO] Done for PI, cMCs, 14_G1
The categories of the anndata before the source, target split is: stim ['PI'], drugs ['DMSO'], cells ['intMCs'], with a shape of (1329, 13)
[INFO] Done for PI, intMCs, 14_G1
The categories of the anndata before the source, target split is: stim ['PI'], drugs ['DMSO'], cells ['mDCs'], with a shape of (921, 13)
[INFO] Done for PI, mDCs, 14_G1
The categories of the anndata before the source, target split is: stim ['PI'], drugs ['DMSO'], cells ['ncMCs'], with a shape of (1559, 13)
[INFO] Done for PI, ncMCs, 14_G1
The categories of the anndata before the source, target split is: stim ['PI'], drugs ['DMSO'], cells ['pDCs'], with a shape of (93, 13)
[INFO] Done for PI, pDCs, 14_G1
The categories of the anndata before the source, target split is: stim ['TNFa'], drugs ['DMSO'], cells ['CD4Tcm'], with a shape of (5375, 13)
[INFO] Done for TNFa, CD4Tcm, 14_G1
The categories of the anndata before the source, target split is: stim ['TNFa'], drugs ['DMSO'], cells ['CD4Tcm_CCR2pos'], with a shape of (1683, 13)
[INFO] Done for TNFa, CD4Tcm_CCR2pos, 14_G1
The categories of the anndata before the source, target split is: stim ['TNFa'], drugs ['DMSO'], cells ['CD4Teff'], with a shape of (354, 13)
[INFO] Done for TNFa, CD4Teff, 14_G1
The categories of the anndata before the source, target split is: stim ['TNFa'], drugs ['DMSO'], cells ['CD4Tem'], with a shape of (3810, 13)
[INFO] Done for TNFa, CD4Tem, 14_G1
The categories of the anndata before the source, target split is: stim ['TNFa'], drugs ['DMSO'], cells ['CD4Tem_CCR2pos'], with a shape of (1801, 13)
[INFO] Done for TNFa, CD4Tem_CCR2pos, 14_G1
The categories of the anndata before the source, target split is: stim ['TNFa'], drugs ['DMSO'], cells ['CD4Tnaive'], with a shape of (2451, 13)
[INFO] Done for TNFa, CD4Tnaive, 14_G1
The categories of the anndata before the source, target split is: stim ['TNFa'], drugs ['DMSO'], cells ['CD4Tregs'], with a shape of (343, 13)
[INFO] Done for TNFa, CD4Tregs, 14_G1
The categories of the anndata before the source, target split is: stim ['TNFa'], drugs ['DMSO'], cells ['CD56loCD16posNK'], with a shape of (3301, 13)
[INFO] Done for TNFa, CD56loCD16posNK, 14_G1
The categories of the anndata before the source, target split is: stim ['TNFa'], drugs ['DMSO'], cells ['CD8Tcm'], with a shape of (516, 13)
[INFO] Done for TNFa, CD8Tcm, 14_G1
The categories of the anndata before the source, target split is: stim ['TNFa'], drugs ['DMSO'], cells ['CD8Tnaive'], with a shape of (1910, 13)
[INFO] Done for TNFa, CD8Tnaive, 14_G1
The categories of the anndata before the source, target split is: stim ['TNFa'], drugs ['DMSO'], cells ['Granulocytes'], with a shape of (354320, 13)
[INFO] Done for TNFa, Granulocytes, 14_G1
The categories of the anndata before the source, target split is: stim ['TNFa'], drugs ['DMSO'], cells ['MDSCs'], with a shape of (422, 13)
[INFO] Done for TNFa, MDSCs, 14_G1
The categories of the anndata before the source, target split is: stim ['TNFa'], drugs ['DMSO'], cells ['NK_cells_CD11cpos'], with a shape of (2348, 13)
[INFO] Done for TNFa, NK_cells_CD11cpos, 14_G1
The categories of the anndata before the source, target split is: stim ['TNFa'], drugs ['DMSO'], cells ['NK_cells_CD11cneg'], with a shape of (1335, 13)
[INFO] Done for TNFa, NK_cells_CD11cneg, 14_G1
The categories of the anndata before the source, target split is: stim ['TNFa'], drugs ['DMSO'], cells ['cMCs'], with a shape of (16815, 13)
[INFO] Done for TNFa, cMCs, 14_G1
The categories of the anndata before the source, target split is: stim ['TNFa'], drugs ['DMSO'], cells ['intMCs'], with a shape of (1329, 13)
[INFO] Done for TNFa, intMCs, 14_G1
The categories of the anndata before the source, target split is: stim ['TNFa'], drugs ['DMSO'], cells ['mDCs'], with a shape of (921, 13)
[INFO] Done for TNFa, mDCs, 14_G1
The categories of the anndata before the source, target split is: stim ['TNFa'], drugs ['DMSO'], cells ['ncMCs'], with a shape of (1559, 13)
[INFO] Done for TNFa, ncMCs, 14_G1
The categories of the anndata before the source, target split is: stim ['TNFa'], drugs ['DMSO'], cells ['pDCs'], with a shape of (93, 13)
[INFO] Done for TNFa, pDCs, 14_G1
[WRITE] Patient 14_G1 written.
