[INFO] Loading full unstim AnnData from: /home/groups/gbrice/ptb-drugscreen/ot/cellot/datasets/ool_by_patient/ool_Unstim_final.h5ad
[INFO] Will export unstim data for 177 patients
[INFO] Processing patient 99_G1
[WRITE] Saved to /home/groups/gbrice/ptb-drugscreen/ot/cellot/datasets/ool_by_patient/unstim_final/99_G1_Unstim.h5ad
[INFO] Processing patient 74_G2
[WRITE] Saved to /home/groups/gbrice/ptb-drugscreen/ot/cellot/datasets/ool_by_patient/unstim_final/74_G2_Unstim.h5ad
[INFO] Processing patient 72_G3
[WRITE] Saved to /home/groups/gbrice/ptb-drugscreen/ot/cellot/datasets/ool_by_patient/unstim_final/72_G3_Unstim.h5ad
[INFO] Processing patient 1_G3
[WRITE] Saved to /home/groups/gbrice/ptb-drugscreen/ot/cellot/datasets/ool_by_patient/unstim_final/1_G3_Unstim.h5ad
[INFO] Processing patient 21_G2
[WRITE] Saved to /home/groups/gbrice/ptb-drugscreen/ot/cellot/datasets/ool_by_patient/unstim_final/21_G2_Unstim.h5ad
[INFO] Processing patient 22_G1
[WRITE] Saved to /home/groups/gbrice/ptb-drugscreen/ot/cellot/datasets/ool_by_patient/unstim_final/22_G1_Unstim.h5ad
[INFO] Processing patient 2_G1
[WRITE] Saved to /home/groups/gbrice/ptb-drugscreen/ot/cellot/datasets/ool_by_patient/unstim_final/2_G1_Unstim.h5ad
[INFO] Processing patient 47_G3
[WRITE] Saved to /home/groups/gbrice/ptb-drugscreen/ot/cellot/datasets/ool_by_patient/unstim_final/47_G3_Unstim.h5ad
[INFO] Processing patient 44_G3
[WRITE] Saved to /home/groups/gbrice/ptb-drugscreen/ot/cellot/datasets/ool_by_patient/unstim_final/44_G3_Unstim.h5ad
[INFO] Processing patient 6_G2
[WRITE] Saved to /home/groups/gbrice/ptb-drugscreen/ot/cellot/datasets/ool_by_patient/unstim_final/6_G2_Unstim.h5ad
[INFO] Processing patient 50_G3
[WRITE] Saved to /home/groups/gbrice/ptb-drugscreen/ot/cellot/datasets/ool_by_patient/unstim_final/50_G3_Unstim.h5ad
[INFO] Processing patient 105_G2
[WRITE] Saved to /home/groups/gbrice/ptb-drugscreen/ot/cellot/datasets/ool_by_patient/unstim_final/105_G2_Unstim.h5ad
[INFO] Processing patient 86_G1
[WRITE] Saved to /home/groups/gbrice/ptb-drugscreen/ot/cellot/datasets/ool_by_patient/unstim_final/86_G1_Unstim.h5ad
[INFO] Processing patient 83_G3
[WRITE] Saved to /home/groups/gbrice/ptb-drugscreen/ot/cellot/datasets/ool_by_patient/unstim_final/83_G3_Unstim.h5ad
[INFO] Processing patient 22_G2
[WRITE] Saved to /home/groups/gbrice/ptb-drugscreen/ot/cellot/datasets/ool_by_patient/unstim_final/22_G2_Unstim.h5ad
[INFO] Processing patient 67_G2
[WRITE] Saved to /home/groups/gbrice/ptb-drugscreen/ot/cellot/datasets/ool_by_patient/unstim_final/67_G2_Unstim.h5ad
[INFO] Processing patient 7_G2
[WRITE] Saved to /home/groups/gbrice/ptb-drugscreen/ot/cellot/datasets/ool_by_patient/unstim_final/7_G2_Unstim.h5ad
[INFO] Processing patient 42_G2
[WRITE] Saved to /home/groups/gbrice/ptb-drugscreen/ot/cellot/datasets/ool_by_patient/unstim_final/42_G2_Unstim.h5ad
[INFO] Processing patient 25_G1
[WRITE] Saved to /home/groups/gbrice/ptb-drugscreen/ot/cellot/datasets/ool_by_patient/unstim_final/25_G1_Unstim.h5ad
[INFO] Processing patient 27_G1
[WRITE] Saved to /home/groups/gbrice/ptb-drugscreen/ot/cellot/datasets/ool_by_patient/unstim_final/27_G1_Unstim.h5ad
[INFO] Processing patient 87_G3
[WRITE] Saved to /home/groups/gbrice/ptb-drugscreen/ot/cellot/datasets/ool_by_patient/unstim_final/87_G3_Unstim.h5ad
[INFO] Processing patient 1_G1
[WRITE] Saved to /home/groups/gbrice/ptb-drugscreen/ot/cellot/datasets/ool_by_patient/unstim_final/1_G1_Unstim.h5ad
[INFO] Processing patient 112_G2
[WRITE] Saved to /home/groups/gbrice/ptb-drugscreen/ot/cellot/datasets/ool_by_patient/unstim_final/112_G2_Unstim.h5ad
[INFO] Processing patient 72_G2
[WRITE] Saved to /home/groups/gbrice/ptb-drugscreen/ot/cellot/datasets/ool_by_patient/unstim_final/72_G2_Unstim.h5ad
[INFO] Processing patient 27_G3
[WRITE] Saved to /home/groups/gbrice/ptb-drugscreen/ot/cellot/datasets/ool_by_patient/unstim_final/27_G3_Unstim.h5ad
[INFO] Processing patient 26_G1
[WRITE] Saved to /home/groups/gbrice/ptb-drugscreen/ot/cellot/datasets/ool_by_patient/unstim_final/26_G1_Unstim.h5ad
[INFO] Processing patient 40_G1
[WRITE] Saved to /home/groups/gbrice/ptb-drugscreen/ot/cellot/datasets/ool_by_patient/unstim_final/40_G1_Unstim.h5ad
[INFO] Processing patient 15_G2
[WRITE] Saved to /home/groups/gbrice/ptb-drugscreen/ot/cellot/datasets/ool_by_patient/unstim_final/15_G2_Unstim.h5ad
[INFO] Processing patient 47_G1
[WRITE] Saved to /home/groups/gbrice/ptb-drugscreen/ot/cellot/datasets/ool_by_patient/unstim_final/47_G1_Unstim.h5ad
[INFO] Processing patient 55_G2
[WRITE] Saved to /home/groups/gbrice/ptb-drugscreen/ot/cellot/datasets/ool_by_patient/unstim_final/55_G2_Unstim.h5ad
[INFO] Processing patient 19_G2
[WRITE] Saved to /home/groups/gbrice/ptb-drugscreen/ot/cellot/datasets/ool_by_patient/unstim_final/19_G2_Unstim.h5ad
[INFO] Processing patient 14_G3
[WRITE] Saved to /home/groups/gbrice/ptb-drugscreen/ot/cellot/datasets/ool_by_patient/unstim_final/14_G3_Unstim.h5ad
[INFO] Processing patient 12_G3
[WRITE] Saved to /home/groups/gbrice/ptb-drugscreen/ot/cellot/datasets/ool_by_patient/unstim_final/12_G3_Unstim.h5ad
[INFO] Processing patient 24_G3
[WRITE] Saved to /home/groups/gbrice/ptb-drugscreen/ot/cellot/datasets/ool_by_patient/unstim_final/24_G3_Unstim.h5ad
[INFO] Processing patient 36_G3
[WRITE] Saved to /home/groups/gbrice/ptb-drugscreen/ot/cellot/datasets/ool_by_patient/unstim_final/36_G3_Unstim.h5ad
[INFO] Processing patient 63_G1
[WRITE] Saved to /home/groups/gbrice/ptb-drugscreen/ot/cellot/datasets/ool_by_patient/unstim_final/63_G1_Unstim.h5ad
[INFO] Processing patient 42_G1
[WRITE] Saved to /home/groups/gbrice/ptb-drugscreen/ot/cellot/datasets/ool_by_patient/unstim_final/42_G1_Unstim.h5ad
[INFO] Processing patient 22_G3
[WRITE] Saved to /home/groups/gbrice/ptb-drugscreen/ot/cellot/datasets/ool_by_patient/unstim_final/22_G3_Unstim.h5ad
[INFO] Processing patient 101_G2
[WRITE] Saved to /home/groups/gbrice/ptb-drugscreen/ot/cellot/datasets/ool_by_patient/unstim_final/101_G2_Unstim.h5ad
[INFO] Processing patient 24_G2
[WRITE] Saved to /home/groups/gbrice/ptb-drugscreen/ot/cellot/datasets/ool_by_patient/unstim_final/24_G2_Unstim.h5ad
[INFO] Processing patient 4_G2
[WRITE] Saved to /home/groups/gbrice/ptb-drugscreen/ot/cellot/datasets/ool_by_patient/unstim_final/4_G2_Unstim.h5ad
[INFO] Processing patient 17_G2
[WRITE] Saved to /home/groups/gbrice/ptb-drugscreen/ot/cellot/datasets/ool_by_patient/unstim_final/17_G2_Unstim.h5ad
[INFO] Processing patient 105_G1
[WRITE] Saved to /home/groups/gbrice/ptb-drugscreen/ot/cellot/datasets/ool_by_patient/unstim_final/105_G1_Unstim.h5ad
[INFO] Processing patient 44_G1
[WRITE] Saved to /home/groups/gbrice/ptb-drugscreen/ot/cellot/datasets/ool_by_patient/unstim_final/44_G1_Unstim.h5ad
[INFO] Processing patient 63_G2
[WRITE] Saved to /home/groups/gbrice/ptb-drugscreen/ot/cellot/datasets/ool_by_patient/unstim_final/63_G2_Unstim.h5ad
[INFO] Processing patient 32_G3
[WRITE] Saved to /home/groups/gbrice/ptb-drugscreen/ot/cellot/datasets/ool_by_patient/unstim_final/32_G3_Unstim.h5ad
[INFO] Processing patient 72_G1
[WRITE] Saved to /home/groups/gbrice/ptb-drugscreen/ot/cellot/datasets/ool_by_patient/unstim_final/72_G1_Unstim.h5ad
[INFO] Processing patient 68_G2
[WRITE] Saved to /home/groups/gbrice/ptb-drugscreen/ot/cellot/datasets/ool_by_patient/unstim_final/68_G2_Unstim.h5ad
[INFO] Processing patient 75_G1
[WRITE] Saved to /home/groups/gbrice/ptb-drugscreen/ot/cellot/datasets/ool_by_patient/unstim_final/75_G1_Unstim.h5ad
[INFO] Processing patient 26_G2
[WRITE] Saved to /home/groups/gbrice/ptb-drugscreen/ot/cellot/datasets/ool_by_patient/unstim_final/26_G2_Unstim.h5ad
[INFO] Processing patient 44_G2
[WRITE] Saved to /home/groups/gbrice/ptb-drugscreen/ot/cellot/datasets/ool_by_patient/unstim_final/44_G2_Unstim.h5ad
[INFO] Processing patient 15_G3
[WRITE] Saved to /home/groups/gbrice/ptb-drugscreen/ot/cellot/datasets/ool_by_patient/unstim_final/15_G3_Unstim.h5ad
[INFO] Processing patient 67_G1
[WRITE] Saved to /home/groups/gbrice/ptb-drugscreen/ot/cellot/datasets/ool_by_patient/unstim_final/67_G1_Unstim.h5ad
[INFO] Processing patient 47_G2
[WRITE] Saved to /home/groups/gbrice/ptb-drugscreen/ot/cellot/datasets/ool_by_patient/unstim_final/47_G2_Unstim.h5ad
[INFO] Processing patient 40_G2
[WRITE] Saved to /home/groups/gbrice/ptb-drugscreen/ot/cellot/datasets/ool_by_patient/unstim_final/40_G2_Unstim.h5ad
[INFO] Processing patient 35_G1
[WRITE] Saved to /home/groups/gbrice/ptb-drugscreen/ot/cellot/datasets/ool_by_patient/unstim_final/35_G1_Unstim.h5ad
[INFO] Processing patient 6_G1
[WRITE] Saved to /home/groups/gbrice/ptb-drugscreen/ot/cellot/datasets/ool_by_patient/unstim_final/6_G1_Unstim.h5ad
[INFO] Processing patient 15_G1
[WRITE] Saved to /home/groups/gbrice/ptb-drugscreen/ot/cellot/datasets/ool_by_patient/unstim_final/15_G1_Unstim.h5ad
[INFO] Processing patient 24_G1
[WRITE] Saved to /home/groups/gbrice/ptb-drugscreen/ot/cellot/datasets/ool_by_patient/unstim_final/24_G1_Unstim.h5ad
[INFO] Processing patient 34_G3
[WRITE] Saved to /home/groups/gbrice/ptb-drugscreen/ot/cellot/datasets/ool_by_patient/unstim_final/34_G3_Unstim.h5ad
[INFO] Processing patient 74_G1
[WRITE] Saved to /home/groups/gbrice/ptb-drugscreen/ot/cellot/datasets/ool_by_patient/unstim_final/74_G1_Unstim.h5ad
[INFO] Processing patient 25_G2
[WRITE] Saved to /home/groups/gbrice/ptb-drugscreen/ot/cellot/datasets/ool_by_patient/unstim_final/25_G2_Unstim.h5ad
[INFO] Processing patient 42_G3
[WRITE] Saved to /home/groups/gbrice/ptb-drugscreen/ot/cellot/datasets/ool_by_patient/unstim_final/42_G3_Unstim.h5ad
[INFO] Processing patient 14_G2
[WRITE] Saved to /home/groups/gbrice/ptb-drugscreen/ot/cellot/datasets/ool_by_patient/unstim_final/14_G2_Unstim.h5ad
[INFO] Processing patient 27_G2
[WRITE] Saved to /home/groups/gbrice/ptb-drugscreen/ot/cellot/datasets/ool_by_patient/unstim_final/27_G2_Unstim.h5ad
[INFO] Processing patient 45_G1
[WRITE] Saved to /home/groups/gbrice/ptb-drugscreen/ot/cellot/datasets/ool_by_patient/unstim_final/45_G1_Unstim.h5ad
[INFO] Processing patient 63_G3
[WRITE] Saved to /home/groups/gbrice/ptb-drugscreen/ot/cellot/datasets/ool_by_patient/unstim_final/63_G3_Unstim.h5ad
[INFO] Processing patient 75_G3
[WRITE] Saved to /home/groups/gbrice/ptb-drugscreen/ot/cellot/datasets/ool_by_patient/unstim_final/75_G3_Unstim.h5ad
[INFO] Processing patient 41_G3
[WRITE] Saved to /home/groups/gbrice/ptb-drugscreen/ot/cellot/datasets/ool_by_patient/unstim_final/41_G3_Unstim.h5ad
[INFO] Processing patient 28_G3
[WRITE] Saved to /home/groups/gbrice/ptb-drugscreen/ot/cellot/datasets/ool_by_patient/unstim_final/28_G3_Unstim.h5ad
[INFO] Processing patient 100_G2
[WRITE] Saved to /home/groups/gbrice/ptb-drugscreen/ot/cellot/datasets/ool_by_patient/unstim_final/100_G2_Unstim.h5ad
[INFO] Processing patient 83_G1
[WRITE] Saved to /home/groups/gbrice/ptb-drugscreen/ot/cellot/datasets/ool_by_patient/unstim_final/83_G1_Unstim.h5ad
[INFO] Processing patient 41_G2
[WRITE] Saved to /home/groups/gbrice/ptb-drugscreen/ot/cellot/datasets/ool_by_patient/unstim_final/41_G2_Unstim.h5ad
[INFO] Processing patient 55_G3
[WRITE] Saved to /home/groups/gbrice/ptb-drugscreen/ot/cellot/datasets/ool_by_patient/unstim_final/55_G3_Unstim.h5ad
[INFO] Processing patient 91_G1
[WRITE] Saved to /home/groups/gbrice/ptb-drugscreen/ot/cellot/datasets/ool_by_patient/unstim_final/91_G1_Unstim.h5ad
[INFO] Processing patient 51_G3
[WRITE] Saved to /home/groups/gbrice/ptb-drugscreen/ot/cellot/datasets/ool_by_patient/unstim_final/51_G3_Unstim.h5ad
[INFO] Processing patient 41_G1
[WRITE] Saved to /home/groups/gbrice/ptb-drugscreen/ot/cellot/datasets/ool_by_patient/unstim_final/41_G1_Unstim.h5ad
[INFO] Processing patient 35_G2
[WRITE] Saved to /home/groups/gbrice/ptb-drugscreen/ot/cellot/datasets/ool_by_patient/unstim_final/35_G2_Unstim.h5ad
[INFO] Processing patient 33_G1
[WRITE] Saved to /home/groups/gbrice/ptb-drugscreen/ot/cellot/datasets/ool_by_patient/unstim_final/33_G1_Unstim.h5ad
[INFO] Processing patient 36_G1
[WRITE] Saved to /home/groups/gbrice/ptb-drugscreen/ot/cellot/datasets/ool_by_patient/unstim_final/36_G1_Unstim.h5ad
[INFO] Processing patient 112_G3
[WRITE] Saved to /home/groups/gbrice/ptb-drugscreen/ot/cellot/datasets/ool_by_patient/unstim_final/112_G3_Unstim.h5ad
[INFO] Processing patient 35_G3
[WRITE] Saved to /home/groups/gbrice/ptb-drugscreen/ot/cellot/datasets/ool_by_patient/unstim_final/35_G3_Unstim.h5ad
[INFO] Processing patient 68_G1
[WRITE] Saved to /home/groups/gbrice/ptb-drugscreen/ot/cellot/datasets/ool_by_patient/unstim_final/68_G1_Unstim.h5ad
[INFO] Processing patient 75_G2
[WRITE] Saved to /home/groups/gbrice/ptb-drugscreen/ot/cellot/datasets/ool_by_patient/unstim_final/75_G2_Unstim.h5ad
[INFO] Processing patient 16_G2
[WRITE] Saved to /home/groups/gbrice/ptb-drugscreen/ot/cellot/datasets/ool_by_patient/unstim_final/16_G2_Unstim.h5ad
[INFO] Processing patient 12_G1
[WRITE] Saved to /home/groups/gbrice/ptb-drugscreen/ot/cellot/datasets/ool_by_patient/unstim_final/12_G1_Unstim.h5ad
[INFO] Processing patient 3_G1
[WRITE] Saved to /home/groups/gbrice/ptb-drugscreen/ot/cellot/datasets/ool_by_patient/unstim_final/3_G1_Unstim.h5ad
[INFO] Processing patient 51_G1
[WRITE] Saved to /home/groups/gbrice/ptb-drugscreen/ot/cellot/datasets/ool_by_patient/unstim_final/51_G1_Unstim.h5ad
[INFO] Processing patient 98_G2
[WRITE] Saved to /home/groups/gbrice/ptb-drugscreen/ot/cellot/datasets/ool_by_patient/unstim_final/98_G2_Unstim.h5ad
[INFO] Processing patient 40_G3
[WRITE] Saved to /home/groups/gbrice/ptb-drugscreen/ot/cellot/datasets/ool_by_patient/unstim_final/40_G3_Unstim.h5ad
[INFO] Processing patient 101_G1
[WRITE] Saved to /home/groups/gbrice/ptb-drugscreen/ot/cellot/datasets/ool_by_patient/unstim_final/101_G1_Unstim.h5ad
[INFO] Processing patient 99_G2
[WRITE] Saved to /home/groups/gbrice/ptb-drugscreen/ot/cellot/datasets/ool_by_patient/unstim_final/99_G2_Unstim.h5ad
[INFO] Processing patient 57_G2
[WRITE] Saved to /home/groups/gbrice/ptb-drugscreen/ot/cellot/datasets/ool_by_patient/unstim_final/57_G2_Unstim.h5ad
[INFO] Processing patient 32_G2
[WRITE] Saved to /home/groups/gbrice/ptb-drugscreen/ot/cellot/datasets/ool_by_patient/unstim_final/32_G2_Unstim.h5ad
[INFO] Processing patient 19_G3
[WRITE] Saved to /home/groups/gbrice/ptb-drugscreen/ot/cellot/datasets/ool_by_patient/unstim_final/19_G3_Unstim.h5ad
[INFO] Processing patient 43_G3
[WRITE] Saved to /home/groups/gbrice/ptb-drugscreen/ot/cellot/datasets/ool_by_patient/unstim_final/43_G3_Unstim.h5ad
[INFO] Processing patient 52_G1
[WRITE] Saved to /home/groups/gbrice/ptb-drugscreen/ot/cellot/datasets/ool_by_patient/unstim_final/52_G1_Unstim.h5ad
[INFO] Processing patient 12_G2
[WRITE] Saved to /home/groups/gbrice/ptb-drugscreen/ot/cellot/datasets/ool_by_patient/unstim_final/12_G2_Unstim.h5ad
[INFO] Processing patient 17_G1
[WRITE] Saved to /home/groups/gbrice/ptb-drugscreen/ot/cellot/datasets/ool_by_patient/unstim_final/17_G1_Unstim.h5ad
[INFO] Processing patient 8_G1
[WRITE] Saved to /home/groups/gbrice/ptb-drugscreen/ot/cellot/datasets/ool_by_patient/unstim_final/8_G1_Unstim.h5ad
[INFO] Processing patient 52_G3
[WRITE] Saved to /home/groups/gbrice/ptb-drugscreen/ot/cellot/datasets/ool_by_patient/unstim_final/52_G3_Unstim.h5ad
[INFO] Processing patient 18_G1
[WRITE] Saved to /home/groups/gbrice/ptb-drugscreen/ot/cellot/datasets/ool_by_patient/unstim_final/18_G1_Unstim.h5ad
[INFO] Processing patient 4_G1
[WRITE] Saved to /home/groups/gbrice/ptb-drugscreen/ot/cellot/datasets/ool_by_patient/unstim_final/4_G1_Unstim.h5ad
[INFO] Processing patient 8_G2
[WRITE] Saved to /home/groups/gbrice/ptb-drugscreen/ot/cellot/datasets/ool_by_patient/unstim_final/8_G2_Unstim.h5ad
[INFO] Processing patient 98_G1
[WRITE] Saved to /home/groups/gbrice/ptb-drugscreen/ot/cellot/datasets/ool_by_patient/unstim_final/98_G1_Unstim.h5ad
[INFO] Processing patient 68_G3
[WRITE] Saved to /home/groups/gbrice/ptb-drugscreen/ot/cellot/datasets/ool_by_patient/unstim_final/68_G3_Unstim.h5ad
[INFO] Processing patient 93_G2
[WRITE] Saved to /home/groups/gbrice/ptb-drugscreen/ot/cellot/datasets/ool_by_patient/unstim_final/93_G2_Unstim.h5ad
[INFO] Processing patient 107_G2
[WRITE] Saved to /home/groups/gbrice/ptb-drugscreen/ot/cellot/datasets/ool_by_patient/unstim_final/107_G2_Unstim.h5ad
[INFO] Processing patient 93_G3
[WRITE] Saved to /home/groups/gbrice/ptb-drugscreen/ot/cellot/datasets/ool_by_patient/unstim_final/93_G3_Unstim.h5ad
[INFO] Processing patient 104_G2
[WRITE] Saved to /home/groups/gbrice/ptb-drugscreen/ot/cellot/datasets/ool_by_patient/unstim_final/104_G2_Unstim.h5ad
[INFO] Processing patient 18_G3
[WRITE] Saved to /home/groups/gbrice/ptb-drugscreen/ot/cellot/datasets/ool_by_patient/unstim_final/18_G3_Unstim.h5ad
[INFO] Processing patient 112_G1
[WRITE] Saved to /home/groups/gbrice/ptb-drugscreen/ot/cellot/datasets/ool_by_patient/unstim_final/112_G1_Unstim.h5ad
[INFO] Processing patient 50_G1
[WRITE] Saved to /home/groups/gbrice/ptb-drugscreen/ot/cellot/datasets/ool_by_patient/unstim_final/50_G1_Unstim.h5ad
[INFO] Processing patient 74_G3
[WRITE] Saved to /home/groups/gbrice/ptb-drugscreen/ot/cellot/datasets/ool_by_patient/unstim_final/74_G3_Unstim.h5ad
[INFO] Processing patient 91_G2
[WRITE] Saved to /home/groups/gbrice/ptb-drugscreen/ot/cellot/datasets/ool_by_patient/unstim_final/91_G2_Unstim.h5ad
[INFO] Processing patient 1_G2
[WRITE] Saved to /home/groups/gbrice/ptb-drugscreen/ot/cellot/datasets/ool_by_patient/unstim_final/1_G2_Unstim.h5ad
[INFO] Processing patient 45_G3
[WRITE] Saved to /home/groups/gbrice/ptb-drugscreen/ot/cellot/datasets/ool_by_patient/unstim_final/45_G3_Unstim.h5ad
[INFO] Processing patient 28_G2
[WRITE] Saved to /home/groups/gbrice/ptb-drugscreen/ot/cellot/datasets/ool_by_patient/unstim_final/28_G2_Unstim.h5ad
[INFO] Processing patient 52_G2
[WRITE] Saved to /home/groups/gbrice/ptb-drugscreen/ot/cellot/datasets/ool_by_patient/unstim_final/52_G2_Unstim.h5ad
[INFO] Processing patient 16_G3
[WRITE] Saved to /home/groups/gbrice/ptb-drugscreen/ot/cellot/datasets/ool_by_patient/unstim_final/16_G3_Unstim.h5ad
[INFO] Processing patient 91_G3
[WRITE] Saved to /home/groups/gbrice/ptb-drugscreen/ot/cellot/datasets/ool_by_patient/unstim_final/91_G3_Unstim.h5ad
[INFO] Processing patient 7_G1
[WRITE] Saved to /home/groups/gbrice/ptb-drugscreen/ot/cellot/datasets/ool_by_patient/unstim_final/7_G1_Unstim.h5ad
[INFO] Processing patient 5_G1
[WRITE] Saved to /home/groups/gbrice/ptb-drugscreen/ot/cellot/datasets/ool_by_patient/unstim_final/5_G1_Unstim.h5ad
[INFO] Processing patient 34_G2
[WRITE] Saved to /home/groups/gbrice/ptb-drugscreen/ot/cellot/datasets/ool_by_patient/unstim_final/34_G2_Unstim.h5ad
[INFO] Processing patient 5_G2
[WRITE] Saved to /home/groups/gbrice/ptb-drugscreen/ot/cellot/datasets/ool_by_patient/unstim_final/5_G2_Unstim.h5ad
[INFO] Processing patient 26_G3
[WRITE] Saved to /home/groups/gbrice/ptb-drugscreen/ot/cellot/datasets/ool_by_patient/unstim_final/26_G3_Unstim.h5ad
[INFO] Processing patient 100_G3
[WRITE] Saved to /home/groups/gbrice/ptb-drugscreen/ot/cellot/datasets/ool_by_patient/unstim_final/100_G3_Unstim.h5ad
[INFO] Processing patient 6_G3
[WRITE] Saved to /home/groups/gbrice/ptb-drugscreen/ot/cellot/datasets/ool_by_patient/unstim_final/6_G3_Unstim.h5ad
[INFO] Processing patient 57_G3
[WRITE] Saved to /home/groups/gbrice/ptb-drugscreen/ot/cellot/datasets/ool_by_patient/unstim_final/57_G3_Unstim.h5ad
[INFO] Processing patient 21_G3
[WRITE] Saved to /home/groups/gbrice/ptb-drugscreen/ot/cellot/datasets/ool_by_patient/unstim_final/21_G3_Unstim.h5ad
[INFO] Processing patient 57_G1
[WRITE] Saved to /home/groups/gbrice/ptb-drugscreen/ot/cellot/datasets/ool_by_patient/unstim_final/57_G1_Unstim.h5ad
[INFO] Processing patient 3_G2
[WRITE] Saved to /home/groups/gbrice/ptb-drugscreen/ot/cellot/datasets/ool_by_patient/unstim_final/3_G2_Unstim.h5ad
[INFO] Processing patient 45_G2
[WRITE] Saved to /home/groups/gbrice/ptb-drugscreen/ot/cellot/datasets/ool_by_patient/unstim_final/45_G2_Unstim.h5ad
[INFO] Processing patient 61_G2
[WRITE] Saved to /home/groups/gbrice/ptb-drugscreen/ot/cellot/datasets/ool_by_patient/unstim_final/61_G2_Unstim.h5ad
[INFO] Processing patient 83_G2
[WRITE] Saved to /home/groups/gbrice/ptb-drugscreen/ot/cellot/datasets/ool_by_patient/unstim_final/83_G2_Unstim.h5ad
[INFO] Processing patient 2_G3
[WRITE] Saved to /home/groups/gbrice/ptb-drugscreen/ot/cellot/datasets/ool_by_patient/unstim_final/2_G3_Unstim.h5ad
[INFO] Processing patient 105_G3
[WRITE] Saved to /home/groups/gbrice/ptb-drugscreen/ot/cellot/datasets/ool_by_patient/unstim_final/105_G3_Unstim.h5ad
[INFO] Processing patient 16_G1
[WRITE] Saved to /home/groups/gbrice/ptb-drugscreen/ot/cellot/datasets/ool_by_patient/unstim_final/16_G1_Unstim.h5ad
[INFO] Processing patient 98_G3
[WRITE] Saved to /home/groups/gbrice/ptb-drugscreen/ot/cellot/datasets/ool_by_patient/unstim_final/98_G3_Unstim.h5ad
[INFO] Processing patient 65_G2
[WRITE] Saved to /home/groups/gbrice/ptb-drugscreen/ot/cellot/datasets/ool_by_patient/unstim_final/65_G2_Unstim.h5ad
[INFO] Processing patient 65_G1
[WRITE] Saved to /home/groups/gbrice/ptb-drugscreen/ot/cellot/datasets/ool_by_patient/unstim_final/65_G1_Unstim.h5ad
[INFO] Processing patient 18_G2
[WRITE] Saved to /home/groups/gbrice/ptb-drugscreen/ot/cellot/datasets/ool_by_patient/unstim_final/18_G2_Unstim.h5ad
[INFO] Processing patient 50_G2
[WRITE] Saved to /home/groups/gbrice/ptb-drugscreen/ot/cellot/datasets/ool_by_patient/unstim_final/50_G2_Unstim.h5ad
[INFO] Processing patient 34_G1
[WRITE] Saved to /home/groups/gbrice/ptb-drugscreen/ot/cellot/datasets/ool_by_patient/unstim_final/34_G1_Unstim.h5ad
[INFO] Processing patient 73_G1
[WRITE] Saved to /home/groups/gbrice/ptb-drugscreen/ot/cellot/datasets/ool_by_patient/unstim_final/73_G1_Unstim.h5ad
[INFO] Processing patient 101_G3
[WRITE] Saved to /home/groups/gbrice/ptb-drugscreen/ot/cellot/datasets/ool_by_patient/unstim_final/101_G3_Unstim.h5ad
[INFO] Processing patient 3_G3
[WRITE] Saved to /home/groups/gbrice/ptb-drugscreen/ot/cellot/datasets/ool_by_patient/unstim_final/3_G3_Unstim.h5ad
[INFO] Processing patient 43_G2
[WRITE] Saved to /home/groups/gbrice/ptb-drugscreen/ot/cellot/datasets/ool_by_patient/unstim_final/43_G2_Unstim.h5ad
[INFO] Processing patient 104_G1
[WRITE] Saved to /home/groups/gbrice/ptb-drugscreen/ot/cellot/datasets/ool_by_patient/unstim_final/104_G1_Unstim.h5ad
[INFO] Processing patient 56_G3
[WRITE] Saved to /home/groups/gbrice/ptb-drugscreen/ot/cellot/datasets/ool_by_patient/unstim_final/56_G3_Unstim.h5ad
[INFO] Processing patient 93_G1
[WRITE] Saved to /home/groups/gbrice/ptb-drugscreen/ot/cellot/datasets/ool_by_patient/unstim_final/93_G1_Unstim.h5ad
[INFO] Processing patient 87_G2
[WRITE] Saved to /home/groups/gbrice/ptb-drugscreen/ot/cellot/datasets/ool_by_patient/unstim_final/87_G2_Unstim.h5ad
[INFO] Processing patient 4_G3
[WRITE] Saved to /home/groups/gbrice/ptb-drugscreen/ot/cellot/datasets/ool_by_patient/unstim_final/4_G3_Unstim.h5ad
[INFO] Processing patient 61_G1
[WRITE] Saved to /home/groups/gbrice/ptb-drugscreen/ot/cellot/datasets/ool_by_patient/unstim_final/61_G1_Unstim.h5ad
[INFO] Processing patient 32_G1
[WRITE] Saved to /home/groups/gbrice/ptb-drugscreen/ot/cellot/datasets/ool_by_patient/unstim_final/32_G1_Unstim.h5ad
[INFO] Processing patient 36_G2
[WRITE] Saved to /home/groups/gbrice/ptb-drugscreen/ot/cellot/datasets/ool_by_patient/unstim_final/36_G2_Unstim.h5ad
[INFO] Processing patient 56_G1
[WRITE] Saved to /home/groups/gbrice/ptb-drugscreen/ot/cellot/datasets/ool_by_patient/unstim_final/56_G1_Unstim.h5ad
[INFO] Processing patient 33_G2
[WRITE] Saved to /home/groups/gbrice/ptb-drugscreen/ot/cellot/datasets/ool_by_patient/unstim_final/33_G2_Unstim.h5ad
[INFO] Processing patient 8_G3
[WRITE] Saved to /home/groups/gbrice/ptb-drugscreen/ot/cellot/datasets/ool_by_patient/unstim_final/8_G3_Unstim.h5ad
[INFO] Processing patient 5_G3
[WRITE] Saved to /home/groups/gbrice/ptb-drugscreen/ot/cellot/datasets/ool_by_patient/unstim_final/5_G3_Unstim.h5ad
[INFO] Processing patient 21_G1
[WRITE] Saved to /home/groups/gbrice/ptb-drugscreen/ot/cellot/datasets/ool_by_patient/unstim_final/21_G1_Unstim.h5ad
[INFO] Processing patient 87_G1
[WRITE] Saved to /home/groups/gbrice/ptb-drugscreen/ot/cellot/datasets/ool_by_patient/unstim_final/87_G1_Unstim.h5ad
[INFO] Processing patient 54_G1
[WRITE] Saved to /home/groups/gbrice/ptb-drugscreen/ot/cellot/datasets/ool_by_patient/unstim_final/54_G1_Unstim.h5ad
[INFO] Processing patient 99_G3
[WRITE] Saved to /home/groups/gbrice/ptb-drugscreen/ot/cellot/datasets/ool_by_patient/unstim_final/99_G3_Unstim.h5ad
[INFO] Processing patient 43_G1
[WRITE] Saved to /home/groups/gbrice/ptb-drugscreen/ot/cellot/datasets/ool_by_patient/unstim_final/43_G1_Unstim.h5ad
[INFO] Processing patient 28_G1
[WRITE] Saved to /home/groups/gbrice/ptb-drugscreen/ot/cellot/datasets/ool_by_patient/unstim_final/28_G1_Unstim.h5ad
[INFO] Processing patient 100_G1
[WRITE] Saved to /home/groups/gbrice/ptb-drugscreen/ot/cellot/datasets/ool_by_patient/unstim_final/100_G1_Unstim.h5ad
[INFO] Processing patient 25_G3
[WRITE] Saved to /home/groups/gbrice/ptb-drugscreen/ot/cellot/datasets/ool_by_patient/unstim_final/25_G3_Unstim.h5ad
[INFO] Processing patient 107_G1
[WRITE] Saved to /home/groups/gbrice/ptb-drugscreen/ot/cellot/datasets/ool_by_patient/unstim_final/107_G1_Unstim.h5ad
[INFO] Processing patient 19_G1
[WRITE] Saved to /home/groups/gbrice/ptb-drugscreen/ot/cellot/datasets/ool_by_patient/unstim_final/19_G1_Unstim.h5ad
[INFO] Processing patient 55_G1
[WRITE] Saved to /home/groups/gbrice/ptb-drugscreen/ot/cellot/datasets/ool_by_patient/unstim_final/55_G1_Unstim.h5ad
[INFO] Processing patient 33_G3
[WRITE] Saved to /home/groups/gbrice/ptb-drugscreen/ot/cellot/datasets/ool_by_patient/unstim_final/33_G3_Unstim.h5ad
[INFO] Processing patient 51_G2
[WRITE] Saved to /home/groups/gbrice/ptb-drugscreen/ot/cellot/datasets/ool_by_patient/unstim_final/51_G2_Unstim.h5ad
[INFO] Processing patient 86_G2
[WRITE] Saved to /home/groups/gbrice/ptb-drugscreen/ot/cellot/datasets/ool_by_patient/unstim_final/86_G2_Unstim.h5ad
[INFO] Processing patient 56_G2
[WRITE] Saved to /home/groups/gbrice/ptb-drugscreen/ot/cellot/datasets/ool_by_patient/unstim_final/56_G2_Unstim.h5ad
[INFO] Processing patient 2_G2
[WRITE] Saved to /home/groups/gbrice/ptb-drugscreen/ot/cellot/datasets/ool_by_patient/unstim_final/2_G2_Unstim.h5ad
[INFO] Processing patient 14_G1
[WRITE] Saved to /home/groups/gbrice/ptb-drugscreen/ot/cellot/datasets/ool_by_patient/unstim_final/14_G1_Unstim.h5ad
[DONE] All patient-specific .h5ad files have been written.
